06-Aug-2019 14:32:59.637 INFO [main] org.apache.catalina.startup.VersionLoggerListener.log Server version name:   Apache Tomcat/9.0.19
06-Aug-2019 14:32:59.640 INFO [main] org.apache.catalina.startup.VersionLoggerListener.log Server built:          Apr 12 2019 14:22:48 UTC
06-Aug-2019 14:32:59.640 INFO [main] org.apache.catalina.startup.VersionLoggerListener.log Server version number: 9.0.19.0
06-Aug-2019 14:32:59.640 INFO [main] org.apache.catalina.startup.VersionLoggerListener.log OS Name:               Mac OS X
06-Aug-2019 14:32:59.640 INFO [main] org.apache.catalina.startup.VersionLoggerListener.log OS Version:            10.14.5
06-Aug-2019 14:32:59.640 INFO [main] org.apache.catalina.startup.VersionLoggerListener.log Architecture:          x86_64
06-Aug-2019 14:32:59.641 INFO [main] org.apache.catalina.startup.VersionLoggerListener.log Java Home:             /Library/Java/JavaVirtualMachines/jdk-12.0.2.jdk/Contents/Home
06-Aug-2019 14:32:59.641 INFO [main] org.apache.catalina.startup.VersionLoggerListener.log JVM Version:           12.0.2+10
06-Aug-2019 14:32:59.641 INFO [main] org.apache.catalina.startup.VersionLoggerListener.log JVM Vendor:            Oracle Corporation
06-Aug-2019 14:32:59.641 INFO [main] org.apache.catalina.startup.VersionLoggerListener.log CATALINA_BASE:         /Users/a644000/Camunda/home/server/apache-tomcat-9.0.19
06-Aug-2019 14:32:59.641 INFO [main] org.apache.catalina.startup.VersionLoggerListener.log CATALINA_HOME:         /Users/a644000/Camunda/home/server/apache-tomcat-9.0.19
06-Aug-2019 14:32:59.644 INFO [main] org.apache.catalina.startup.VersionLoggerListener.log Command line argument: --add-opens=java.base/java.lang=ALL-UNNAMED
06-Aug-2019 14:32:59.644 INFO [main] org.apache.catalina.startup.VersionLoggerListener.log Command line argument: --add-opens=java.base/java.io=ALL-UNNAMED
06-Aug-2019 14:32:59.644 INFO [main] org.apache.catalina.startup.VersionLoggerListener.log Command line argument: --add-opens=java.rmi/sun.rmi.transport=ALL-UNNAMED
06-Aug-2019 14:32:59.644 INFO [main] org.apache.catalina.startup.VersionLoggerListener.log Command line argument: -Djava.util.logging.config.file=./server/apache-tomcat-9.0.19/conf/logging.properties
06-Aug-2019 14:32:59.644 INFO [main] org.apache.catalina.startup.VersionLoggerListener.log Command line argument: -Djava.util.logging.manager=org.apache.juli.ClassLoaderLogManager
06-Aug-2019 14:32:59.644 INFO [main] org.apache.catalina.startup.VersionLoggerListener.log Command line argument: -Djdk.tls.ephemeralDHKeySize=2048
06-Aug-2019 14:32:59.644 INFO [main] org.apache.catalina.startup.VersionLoggerListener.log Command line argument: -Djava.protocol.handler.pkgs=org.apache.catalina.webresources
06-Aug-2019 14:32:59.644 INFO [main] org.apache.catalina.startup.VersionLoggerListener.log Command line argument: -Dorg.apache.catalina.security.SecurityListener.UMASK=0027
06-Aug-2019 14:32:59.644 INFO [main] org.apache.catalina.startup.VersionLoggerListener.log Command line argument: -Xmx512m
06-Aug-2019 14:32:59.644 INFO [main] org.apache.catalina.startup.VersionLoggerListener.log Command line argument: -XX:MaxPermSize=256m
06-Aug-2019 14:32:59.645 INFO [main] org.apache.catalina.startup.VersionLoggerListener.log Command line argument: -XX:PermSize=256m
06-Aug-2019 14:32:59.645 INFO [main] org.apache.catalina.startup.VersionLoggerListener.log Command line argument: -Dignore.endorsed.dirs=
06-Aug-2019 14:32:59.645 INFO [main] org.apache.catalina.startup.VersionLoggerListener.log Command line argument: -Dcatalina.base=./server/apache-tomcat-9.0.19
06-Aug-2019 14:32:59.645 INFO [main] org.apache.catalina.startup.VersionLoggerListener.log Command line argument: -Dcatalina.home=./server/apache-tomcat-9.0.19
06-Aug-2019 14:32:59.645 INFO [main] org.apache.catalina.startup.VersionLoggerListener.log Command line argument: -Djava.io.tmpdir=./server/apache-tomcat-9.0.19/temp
06-Aug-2019 14:32:59.645 INFO [main] org.apache.catalina.core.AprLifecycleListener.lifecycleEvent The APR based Apache Tomcat Native library which allows optimal performance in production environments was not found on the java.library.path: [/Users/a644000/Library/Java/Extensions:/Library/Java/Extensions:/Network/Library/Java/Extensions:/System/Library/Java/Extensions:/usr/lib/java:.]
06-Aug-2019 14:32:59.702 INFO [main] org.apache.coyote.AbstractProtocol.init Initializing ProtocolHandler ["http-nio-8080"]
06-Aug-2019 14:32:59.744 INFO [main] org.apache.coyote.AbstractProtocol.init Initializing ProtocolHandler ["ajp-nio-8009"]
06-Aug-2019 14:32:59.746 INFO [main] org.apache.catalina.startup.Catalina.load Server initialization in [566] milliseconds
06-Aug-2019 14:33:00.014 INFO [main] org.camunda.commons.logging.BaseLogger.logInfo ENGINE-08046 Found camunda bpm platform configuration in CATALINA_BASE/CATALINA_HOME conf directory [/Users/a644000/Camunda/home/server/apache-tomcat-9.0.19/conf/bpm-platform.xml] at 'file:/Users/a644000/Camunda/home/server/apache-tomcat-9.0.19/conf/bpm-platform.xml'
06-Aug-2019 14:33:00.173 INFO [main] org.camunda.commons.logging.BaseLogger.logInfo ENGINE-12003 Plugin 'ProcessApplicationEventListenerPlugin' activated on process engine 'default'
06-Aug-2019 14:33:00.177 INFO [main] org.camunda.commons.logging.BaseLogger.logInfo ENGINE-12003 Plugin 'SpinProcessEnginePlugin' activated on process engine 'default'
06-Aug-2019 14:33:00.180 INFO [main] org.camunda.commons.logging.BaseLogger.logInfo SPIN-01010 Discovered Spin data format provider: org.camunda.spin.impl.json.jackson.format.JacksonJsonDataFormatProvider[name = application/json]
06-Aug-2019 14:33:00.296 INFO [main] org.camunda.commons.logging.BaseLogger.logInfo SPIN-01010 Discovered Spin data format provider: org.camunda.spin.impl.xml.dom.format.DomXmlDataFormatProvider[name = application/xml]
06-Aug-2019 14:33:00.308 INFO [main] org.camunda.commons.logging.BaseLogger.logInfo SPIN-01009 Discovered Spin data format: org.camunda.spin.impl.xml.dom.format.DomXmlDataFormat[name = application/xml]
06-Aug-2019 14:33:00.308 INFO [main] org.camunda.commons.logging.BaseLogger.logInfo SPIN-01009 Discovered Spin data format: org.camunda.spin.impl.json.jackson.format.JacksonJsonDataFormat[name = application/json]
06-Aug-2019 14:33:00.308 INFO [main] org.camunda.commons.logging.BaseLogger.logInfo ENGINE-12003 Plugin 'ConnectProcessEnginePlugin' activated on process engine 'default'
06-Aug-2019 14:33:00.601 INFO [main] org.camunda.commons.logging.BaseLogger.logInfo CNCT-01004 Discovered provider for connector id 'http-connector' and class 'org.camunda.connect.httpclient.impl.HttpConnectorImpl': 'org.camunda.connect.httpclient.impl.HttpConnectorProviderImpl'
06-Aug-2019 14:33:00.603 INFO [main] org.camunda.commons.logging.BaseLogger.logInfo CNCT-01004 Discovered provider for connector id 'soap-http-connector' and class 'org.camunda.connect.httpclient.soap.impl.SoapHttpConnectorImpl': 'org.camunda.connect.httpclient.soap.impl.SoapHttpConnectorProviderImpl'
06-Aug-2019 14:33:02.743 INFO [main] org.camunda.commons.logging.BaseLogger.logInfo ENGINE-00001 Process Engine default created.
06-Aug-2019 14:33:02.744 INFO [main] org.camunda.commons.logging.BaseLogger.logInfo ENGINE-14014 Starting up the JobExecutor[org.camunda.bpm.engine.impl.jobexecutor.RuntimeContainerJobExecutor].
06-Aug-2019 14:33:02.745 INFO [Thread-5] org.camunda.commons.logging.BaseLogger.logInfo ENGINE-14018 JobExecutor[org.camunda.bpm.engine.impl.jobexecutor.RuntimeContainerJobExecutor] starting to acquire jobs
06-Aug-2019 14:33:02.753 INFO [main] org.camunda.commons.logging.BaseLogger.logInfo ENGINE-08048 Camunda BPM platform sucessfully started at 'Apache Tomcat/9.0.19'.
06-Aug-2019 14:33:02.775 INFO [main] org.apache.catalina.core.StandardService.startInternal Starting service [Catalina]
06-Aug-2019 14:33:02.775 INFO [main] org.apache.catalina.core.StandardEngine.startInternal Starting Servlet engine: [Apache Tomcat/9.0.19]
06-Aug-2019 14:33:02.794 INFO [main] org.apache.catalina.startup.HostConfig.deployDirectory Deploying web application directory [/Users/a644000/Camunda/home/server/apache-tomcat-9.0.19/webapps/camunda-welcome]
06-Aug-2019 14:33:04.893 INFO [main] org.apache.jasper.servlet.TldScanner.scanJars At least one JAR was scanned for TLDs yet contained no TLDs. Enable debug logging for this logger for a complete list of JARs that were scanned but no TLDs were found in them. Skipping unneeded JARs during scanning can improve startup time and JSP compilation time.
06-Aug-2019 14:33:04.912 INFO [main] org.apache.catalina.startup.HostConfig.deployDirectory Deployment of web application directory [/Users/a644000/Camunda/home/server/apache-tomcat-9.0.19/webapps/camunda-welcome] has finished in [2,117] ms
06-Aug-2019 14:33:04.912 INFO [main] org.apache.catalina.startup.HostConfig.deployDirectory Deploying web application directory [/Users/a644000/Camunda/home/server/apache-tomcat-9.0.19/webapps/engine-rest]
06-Aug-2019 14:33:06.758 INFO [main] org.apache.jasper.servlet.TldScanner.scanJars At least one JAR was scanned for TLDs yet contained no TLDs. Enable debug logging for this logger for a complete list of JARs that were scanned but no TLDs were found in them. Skipping unneeded JARs during scanning can improve startup time and JSP compilation time.
06-Aug-2019 14:33:06.902 INFO [main] org.apache.catalina.startup.HostConfig.deployDirectory Deployment of web application directory [/Users/a644000/Camunda/home/server/apache-tomcat-9.0.19/webapps/engine-rest] has finished in [1,990] ms
06-Aug-2019 14:33:06.903 INFO [main] org.apache.catalina.startup.HostConfig.deployDirectory Deploying web application directory [/Users/a644000/Camunda/home/server/apache-tomcat-9.0.19/webapps/h2]
06-Aug-2019 14:33:08.193 INFO [main] org.apache.jasper.servlet.TldScanner.scanJars At least one JAR was scanned for TLDs yet contained no TLDs. Enable debug logging for this logger for a complete list of JARs that were scanned but no TLDs were found in them. Skipping unneeded JARs during scanning can improve startup time and JSP compilation time.
06-Aug-2019 14:33:08.198 INFO [main] org.apache.catalina.startup.HostConfig.deployDirectory Deployment of web application directory [/Users/a644000/Camunda/home/server/apache-tomcat-9.0.19/webapps/h2] has finished in [1,295] ms
06-Aug-2019 14:33:08.198 INFO [main] org.apache.catalina.startup.HostConfig.deployDirectory Deploying web application directory [/Users/a644000/Camunda/home/server/apache-tomcat-9.0.19/webapps/camunda]
06-Aug-2019 14:33:11.051 INFO [main] org.apache.jasper.servlet.TldScanner.scanJars At least one JAR was scanned for TLDs yet contained no TLDs. Enable debug logging for this logger for a complete list of JARs that were scanned but no TLDs were found in them. Skipping unneeded JARs during scanning can improve startup time and JSP compilation time.
06-Aug-2019 14:33:11.338 INFO [main] org.apache.catalina.startup.HostConfig.deployDirectory Deployment of web application directory [/Users/a644000/Camunda/home/server/apache-tomcat-9.0.19/webapps/camunda] has finished in [3,140] ms
06-Aug-2019 14:33:11.338 INFO [main] org.apache.catalina.startup.HostConfig.deployDirectory Deploying web application directory [/Users/a644000/Camunda/home/server/apache-tomcat-9.0.19/webapps/docs]
06-Aug-2019 14:33:12.569 INFO [main] org.apache.jasper.servlet.TldScanner.scanJars At least one JAR was scanned for TLDs yet contained no TLDs. Enable debug logging for this logger for a complete list of JARs that were scanned but no TLDs were found in them. Skipping unneeded JARs during scanning can improve startup time and JSP compilation time.
06-Aug-2019 14:33:12.570 INFO [main] org.apache.catalina.startup.HostConfig.deployDirectory Deployment of web application directory [/Users/a644000/Camunda/home/server/apache-tomcat-9.0.19/webapps/docs] has finished in [1,232] ms
06-Aug-2019 14:33:12.570 INFO [main] org.apache.catalina.startup.HostConfig.deployDirectory Deploying web application directory [/Users/a644000/Camunda/home/server/apache-tomcat-9.0.19/webapps/manager]
06-Aug-2019 14:33:13.816 INFO [main] org.apache.jasper.servlet.TldScanner.scanJars At least one JAR was scanned for TLDs yet contained no TLDs. Enable debug logging for this logger for a complete list of JARs that were scanned but no TLDs were found in them. Skipping unneeded JARs during scanning can improve startup time and JSP compilation time.
06-Aug-2019 14:33:13.819 INFO [main] org.apache.catalina.startup.HostConfig.deployDirectory Deployment of web application directory [/Users/a644000/Camunda/home/server/apache-tomcat-9.0.19/webapps/manager] has finished in [1,249] ms
06-Aug-2019 14:33:13.819 INFO [main] org.apache.catalina.startup.HostConfig.deployDirectory Deploying web application directory [/Users/a644000/Camunda/home/server/apache-tomcat-9.0.19/webapps/camunda-invoice]
06-Aug-2019 14:33:15.067 INFO [main] org.apache.jasper.servlet.TldScanner.scanJars At least one JAR was scanned for TLDs yet contained no TLDs. Enable debug logging for this logger for a complete list of JARs that were scanned but no TLDs were found in them. Skipping unneeded JARs during scanning can improve startup time and JSP compilation time.
06-Aug-2019 14:33:15.068 INFO [main] org.camunda.commons.logging.BaseLogger.logInfo ENGINE-07015 Detected @ProcessApplication class 'org.camunda.bpm.example.invoice.InvoiceProcessApplication'
06-Aug-2019 14:33:15.073 INFO [main] org.camunda.commons.logging.BaseLogger.logInfo ENGINE-08024 Found processes.xml file at file:/Users/a644000/Camunda/home/server/apache-tomcat-9.0.19/webapps/camunda-invoice/WEB-INF/classes/META-INF/processes.xml
06-Aug-2019 14:33:15.110 INFO [main] org.camunda.commons.logging.BaseLogger.logInfo ENGINE-08023 Deployment summary for process archive 'camunda-invoice': 

        invoiceBusinessDecisions.dmn
        invoice.v2.bpmn
        review-invoice.cmmn

06-Aug-2019 14:33:15.467 INFO [main] org.camunda.commons.logging.BaseLogger.logInfo ENGINE-07021 ProcessApplication 'camunda-invoice' registered for DB deployments [561d8e56-a8c2-11e9-9f3b-b6b67f9d3c8f, 55edcbbc-a8c2-11e9-9f3b-b6b67f9d3c8f]. Will execute process definitions 

        invoice[version: 2, id: invoice:2:562185fa-a8c2-11e9-9f3b-b6b67f9d3c8f]
        invoice[version: 1, id: invoice:1:55f93d70-a8c2-11e9-9f3b-b6b67f9d3c8f]

Will execute case definitions 

        ReviewInvoiceCase[version: 2, id: ReviewInvoiceCase:2:5624ba4c-a8c2-11e9-9f3b-b6b67f9d3c8f]
        ReviewInvoiceCase[version: 1, id: ReviewInvoiceCase:1:560e2502-a8c2-11e9-9f3b-b6b67f9d3c8f]

06-Aug-2019 14:33:15.471 INFO [main] org.camunda.commons.logging.BaseLogger.logInfo SPIN-01010 Discovered Spin data format provider: org.camunda.spin.impl.json.jackson.format.JacksonJsonDataFormatProvider[name = application/json]
06-Aug-2019 14:33:15.472 INFO [main] org.camunda.commons.logging.BaseLogger.logInfo SPIN-01010 Discovered Spin data format provider: org.camunda.spin.impl.xml.dom.format.DomXmlDataFormatProvider[name = application/xml]
06-Aug-2019 14:33:15.474 INFO [main] org.camunda.commons.logging.BaseLogger.logInfo SPIN-01009 Discovered Spin data format: org.camunda.spin.impl.xml.dom.format.DomXmlDataFormat[name = application/xml]
06-Aug-2019 14:33:15.474 INFO [main] org.camunda.commons.logging.BaseLogger.logInfo SPIN-01009 Discovered Spin data format: org.camunda.spin.impl.json.jackson.format.JacksonJsonDataFormat[name = application/json]
06-Aug-2019 14:33:15.529 INFO [main] org.camunda.bpm.example.invoice.InvoiceProcessApplication.startProcessInstances No new instances of Invoice Receipt version 1 started, there are 3 instances running
06-Aug-2019 14:33:15.560 INFO [main] org.camunda.bpm.example.invoice.InvoiceProcessApplication.startProcessInstances No new instances of Invoice Receipt version 2 started, there are 3 instances running
06-Aug-2019 14:33:15.561 INFO [main] org.camunda.commons.logging.BaseLogger.logInfo ENGINE-08050 Process application camunda-invoice successfully deployed
06-Aug-2019 14:33:15.562 INFO [main] org.apache.catalina.startup.HostConfig.deployDirectory Deployment of web application directory [/Users/a644000/Camunda/home/server/apache-tomcat-9.0.19/webapps/camunda-invoice] has finished in [1,743] ms
06-Aug-2019 14:33:15.562 INFO [main] org.apache.catalina.startup.HostConfig.deployDirectory Deploying web application directory [/Users/a644000/Camunda/home/server/apache-tomcat-9.0.19/webapps/examples]
06-Aug-2019 14:33:17.680 INFO [main] org.apache.jasper.servlet.TldScanner.scanJars At least one JAR was scanned for TLDs yet contained no TLDs. Enable debug logging for this logger for a complete list of JARs that were scanned but no TLDs were found in them. Skipping unneeded JARs during scanning can improve startup time and JSP compilation time.
06-Aug-2019 14:33:17.691 INFO [main] org.apache.catalina.startup.HostConfig.deployDirectory Deployment of web application directory [/Users/a644000/Camunda/home/server/apache-tomcat-9.0.19/webapps/examples] has finished in [2,129] ms
06-Aug-2019 14:33:17.691 INFO [main] org.apache.catalina.startup.HostConfig.deployDirectory Deploying web application directory [/Users/a644000/Camunda/home/server/apache-tomcat-9.0.19/webapps/ROOT]
06-Aug-2019 14:33:18.933 INFO [main] org.apache.jasper.servlet.TldScanner.scanJars At least one JAR was scanned for TLDs yet contained no TLDs. Enable debug logging for this logger for a complete list of JARs that were scanned but no TLDs were found in them. Skipping unneeded JARs during scanning can improve startup time and JSP compilation time.
06-Aug-2019 14:33:18.934 INFO [main] org.apache.catalina.startup.HostConfig.deployDirectory Deployment of web application directory [/Users/a644000/Camunda/home/server/apache-tomcat-9.0.19/webapps/ROOT] has finished in [1,243] ms
06-Aug-2019 14:33:18.934 INFO [main] org.apache.catalina.startup.HostConfig.deployDirectory Deploying web application directory [/Users/a644000/Camunda/home/server/apache-tomcat-9.0.19/webapps/host-manager]
06-Aug-2019 14:33:20.217 INFO [main] org.apache.jasper.servlet.TldScanner.scanJars At least one JAR was scanned for TLDs yet contained no TLDs. Enable debug logging for this logger for a complete list of JARs that were scanned but no TLDs were found in them. Skipping unneeded JARs during scanning can improve startup time and JSP compilation time.
06-Aug-2019 14:33:20.219 INFO [main] org.apache.catalina.startup.HostConfig.deployDirectory Deployment of web application directory [/Users/a644000/Camunda/home/server/apache-tomcat-9.0.19/webapps/host-manager] has finished in [1,285] ms
06-Aug-2019 14:33:20.222 INFO [main] org.apache.coyote.AbstractProtocol.start Starting ProtocolHandler ["http-nio-8080"]
06-Aug-2019 14:33:20.226 INFO [main] org.apache.coyote.AbstractProtocol.start Starting ProtocolHandler ["ajp-nio-8009"]
06-Aug-2019 14:33:20.228 INFO [main] org.apache.catalina.startup.Catalina.start Server startup in [20,481] milliseconds
06-Aug-2019 14:34:10.832 INFO [http-nio-8080-exec-8] org.jboss.resteasy.logging.impl.Slf4jLogger.info Deploying javax.ws.rs.core.Application: class org.camunda.bpm.webapp.impl.engine.EngineRestApplication
06-Aug-2019 14:34:10.832 INFO [http-nio-8080-exec-1] org.jboss.resteasy.logging.impl.Slf4jLogger.info Deploying javax.ws.rs.core.Application: class org.camunda.bpm.admin.impl.web.AdminApplication
06-Aug-2019 14:34:19.856 INFO [http-nio-8080-exec-10] org.jboss.resteasy.logging.impl.Slf4jLogger.info Deploying javax.ws.rs.core.Application: class org.camunda.bpm.cockpit.impl.web.CockpitApplication
06-Aug-2019 14:36:36.482 INFO [http-nio-8080-exec-7] org.jboss.resteasy.spi.ResteasyDeployment.processApplication RESTEASY002225: Deploying javax.ws.rs.core.Application: class org.camunda.bpm.engine.rest.impl.application.DefaultApplication
06-Aug-2019 14:36:36.491 INFO [http-nio-8080-exec-7] org.jboss.resteasy.spi.ResteasyDeployment.processApplication RESTEASY002200: Adding class resource org.camunda.bpm.engine.rest.impl.JaxRsTwoNamedProcessEngineRestServiceImpl from Application class org.camunda.bpm.engine.rest.impl.application.DefaultApplication
06-Aug-2019 14:36:36.492 INFO [http-nio-8080-exec-7] org.jboss.resteasy.spi.ResteasyDeployment.processApplication RESTEASY002205: Adding provider class org.camunda.bpm.engine.rest.mapper.JacksonConfigurator from Application class org.camunda.bpm.engine.rest.impl.application.DefaultApplication
06-Aug-2019 14:36:36.492 INFO [http-nio-8080-exec-7] org.jboss.resteasy.spi.ResteasyDeployment.processApplication RESTEASY002205: Adding provider class org.camunda.bpm.engine.rest.exception.JsonMappingExceptionHandler from Application class org.camunda.bpm.engine.rest.impl.application.DefaultApplication
06-Aug-2019 14:36:36.492 INFO [http-nio-8080-exec-7] org.jboss.resteasy.spi.ResteasyDeployment.processApplication RESTEASY002205: Adding provider class org.camunda.bpm.engine.rest.mapper.MultipartPayloadProvider from Application class org.camunda.bpm.engine.rest.impl.application.DefaultApplication
06-Aug-2019 14:36:36.492 INFO [http-nio-8080-exec-7] org.jboss.resteasy.spi.ResteasyDeployment.processApplication RESTEASY002200: Adding class resource org.camunda.bpm.engine.rest.impl.JaxRsTwoDefaultProcessEngineRestServiceImpl from Application class org.camunda.bpm.engine.rest.impl.application.DefaultApplication
06-Aug-2019 14:36:36.493 INFO [http-nio-8080-exec-7] org.jboss.resteasy.spi.ResteasyDeployment.processApplication RESTEASY002205: Adding provider class com.fasterxml.jackson.jaxrs.json.JacksonJsonProvider from Application class org.camunda.bpm.engine.rest.impl.application.DefaultApplication
06-Aug-2019 14:36:36.493 INFO [http-nio-8080-exec-7] org.jboss.resteasy.spi.ResteasyDeployment.processApplication RESTEASY002205: Adding provider class org.camunda.bpm.engine.rest.exception.JsonParseExceptionHandler from Application class org.camunda.bpm.engine.rest.impl.application.DefaultApplication
06-Aug-2019 14:36:36.493 INFO [http-nio-8080-exec-7] org.jboss.resteasy.spi.ResteasyDeployment.processApplication RESTEASY002205: Adding provider class org.camunda.bpm.engine.rest.hal.JacksonHalJsonProvider from Application class org.camunda.bpm.engine.rest.impl.application.DefaultApplication
06-Aug-2019 14:36:36.493 INFO [http-nio-8080-exec-7] org.jboss.resteasy.spi.ResteasyDeployment.processApplication RESTEASY002205: Adding provider class org.camunda.bpm.engine.rest.exception.RestExceptionHandler from Application class org.camunda.bpm.engine.rest.impl.application.DefaultApplication
06-Aug-2019 14:36:36.493 INFO [http-nio-8080-exec-7] org.jboss.resteasy.spi.ResteasyDeployment.processApplication RESTEASY002205: Adding provider class org.camunda.bpm.engine.rest.exception.ProcessEngineExceptionHandler from Application class org.camunda.bpm.engine.rest.impl.application.DefaultApplication
06-Aug-2019 14:36:36.777 SEVERE [http-nio-8080-exec-7] org.camunda.commons.logging.BaseLogger.logError ENGINE-16004 Exception while closing command context: ENGINE-09005 Could not parse BPMN process. Errors: 
* One of the attributes 'class', 'delegateExpression', 'type', or 'expression' is mandatory on serviceTask. | complicated_diagram.bpmn | line 223 | column 65
 org.camunda.bpm.engine.ProcessEngineException: ENGINE-09005 Could not parse BPMN process. Errors: 
* One of the attributes 'class', 'delegateExpression', 'type', or 'expression' is mandatory on serviceTask. | complicated_diagram.bpmn | line 223 | column 65
	at org.camunda.bpm.engine.impl.util.EngineUtilLogger.exceptionDuringParsing(EngineUtilLogger.java:62)
	at org.camunda.bpm.engine.impl.util.xml.Parse.throwExceptionForErrors(Parse.java:208)
	at org.camunda.bpm.engine.impl.bpmn.parser.BpmnParse.execute(BpmnParse.java:272)
	at org.camunda.bpm.engine.impl.bpmn.deployer.BpmnDeployer.transformDefinitions(BpmnDeployer.java:105)
	at org.camunda.bpm.engine.impl.AbstractDefinitionDeployer.transformResource(AbstractDefinitionDeployer.java:99)
	at org.camunda.bpm.engine.impl.AbstractDefinitionDeployer.parseDefinitionResources(AbstractDefinitionDeployer.java:74)
	at org.camunda.bpm.engine.impl.AbstractDefinitionDeployer.deploy(AbstractDefinitionDeployer.java:64)
	at org.camunda.bpm.engine.impl.persistence.deploy.cache.CacheDeployer$1.call(CacheDeployer.java:54)
	at org.camunda.bpm.engine.impl.persistence.deploy.cache.CacheDeployer$1.call(CacheDeployer.java:51)
	at org.camunda.bpm.engine.impl.interceptor.CommandContext.runWithoutAuthorization(CommandContext.java:482)
	at org.camunda.bpm.engine.impl.persistence.deploy.cache.CacheDeployer.deploy(CacheDeployer.java:51)
	at org.camunda.bpm.engine.impl.persistence.deploy.cache.DeploymentCache.deploy(DeploymentCache.java:67)
	at org.camunda.bpm.engine.impl.persistence.entity.DeploymentManager.insertDeployment(DeploymentManager.java:65)
	at org.camunda.bpm.engine.impl.cmd.DeployCmd.deploy(DeployCmd.java:486)
	at org.camunda.bpm.engine.impl.cmd.DeployCmd$1.call(DeployCmd.java:142)
	at org.camunda.bpm.engine.impl.cmd.DeployCmd$1.call(DeployCmd.java:130)
	at org.camunda.bpm.engine.impl.interceptor.CommandContext.runWithoutAuthorization(CommandContext.java:482)
	at org.camunda.bpm.engine.impl.cmd.DeployCmd.doExecute(DeployCmd.java:130)
	at org.camunda.bpm.engine.impl.cmd.DeployCmd.execute(DeployCmd.java:96)
	at org.camunda.bpm.engine.impl.cmd.DeployCmd.execute(DeployCmd.java:76)
	at org.camunda.bpm.engine.impl.interceptor.CommandExecutorImpl.execute(CommandExecutorImpl.java:28)
	at org.camunda.bpm.engine.impl.interceptor.CommandContextInterceptor.execute(CommandContextInterceptor.java:107)
	at org.camunda.bpm.engine.impl.interceptor.ProcessApplicationContextInterceptor.execute(ProcessApplicationContextInterceptor.java:70)
	at org.camunda.bpm.engine.impl.interceptor.LogInterceptor.execute(LogInterceptor.java:33)
	at org.camunda.bpm.engine.impl.RepositoryServiceImpl.deployWithResult(RepositoryServiceImpl.java:102)
	at org.camunda.bpm.engine.impl.repository.DeploymentBuilderImpl.deployWithResult(DeploymentBuilderImpl.java:270)
	at org.camunda.bpm.engine.rest.impl.DeploymentRestServiceImpl.createDeployment(DeploymentRestServiceImpl.java:98)
	at java.base/jdk.internal.reflect.NativeMethodAccessorImpl.invoke0(Native Method)
	at java.base/jdk.internal.reflect.NativeMethodAccessorImpl.invoke(NativeMethodAccessorImpl.java:62)
	at java.base/jdk.internal.reflect.DelegatingMethodAccessorImpl.invoke(DelegatingMethodAccessorImpl.java:43)
	at java.base/java.lang.reflect.Method.invoke(Method.java:567)
	at org.jboss.resteasy.core.MethodInjectorImpl.invoke(MethodInjectorImpl.java:140)
	at org.jboss.resteasy.core.ResourceMethodInvoker.invokeOnTarget(ResourceMethodInvoker.java:295)
	at org.jboss.resteasy.core.ResourceMethodInvoker.invoke(ResourceMethodInvoker.java:249)
	at org.jboss.resteasy.core.ResourceLocatorInvoker.invokeOnTargetObject(ResourceLocatorInvoker.java:138)
	at org.jboss.resteasy.core.ResourceLocatorInvoker.invoke(ResourceLocatorInvoker.java:101)
	at org.jboss.resteasy.core.SynchronousDispatcher.invoke(SynchronousDispatcher.java:406)
	at org.jboss.resteasy.core.SynchronousDispatcher.invoke(SynchronousDispatcher.java:213)
	at org.jboss.resteasy.plugins.server.servlet.ServletContainerDispatcher.service(ServletContainerDispatcher.java:228)
	at org.jboss.resteasy.plugins.server.servlet.HttpServletDispatcher.service(HttpServletDispatcher.java:56)
	at org.jboss.resteasy.plugins.server.servlet.HttpServletDispatcher.service(HttpServletDispatcher.java:51)
	at javax.servlet.http.HttpServlet.service(HttpServlet.java:741)
	at org.apache.catalina.core.ApplicationFilterChain.internalDoFilter(ApplicationFilterChain.java:231)
	at org.apache.catalina.core.ApplicationFilterChain.doFilter(ApplicationFilterChain.java:166)
	at org.apache.tomcat.websocket.server.WsFilter.doFilter(WsFilter.java:53)
	at org.apache.catalina.core.ApplicationFilterChain.internalDoFilter(ApplicationFilterChain.java:193)
	at org.apache.catalina.core.ApplicationFilterChain.doFilter(ApplicationFilterChain.java:166)
	at org.camunda.bpm.engine.rest.filter.CacheControlFilter.doFilter(CacheControlFilter.java:45)
	at org.apache.catalina.core.ApplicationFilterChain.internalDoFilter(ApplicationFilterChain.java:193)
	at org.apache.catalina.core.ApplicationFilterChain.doFilter(ApplicationFilterChain.java:166)
	at org.camunda.bpm.engine.rest.filter.EmptyBodyFilter.doFilter(EmptyBodyFilter.java:101)
	at org.apache.catalina.core.ApplicationFilterChain.internalDoFilter(ApplicationFilterChain.java:193)
	at org.apache.catalina.core.ApplicationFilterChain.doFilter(ApplicationFilterChain.java:166)
	at org.apache.catalina.core.StandardWrapperValve.invoke(StandardWrapperValve.java:200)
	at org.apache.catalina.core.StandardContextValve.invoke(StandardContextValve.java:96)
	at org.apache.catalina.authenticator.AuthenticatorBase.invoke(AuthenticatorBase.java:490)
	at org.apache.catalina.core.StandardHostValve.invoke(StandardHostValve.java:139)
	at org.apache.catalina.valves.ErrorReportValve.invoke(ErrorReportValve.java:92)
	at org.apache.catalina.valves.AbstractAccessLogValve.invoke(AbstractAccessLogValve.java:678)
	at org.apache.catalina.core.StandardEngineValve.invoke(StandardEngineValve.java:74)
	at org.apache.catalina.connector.CoyoteAdapter.service(CoyoteAdapter.java:343)
	at org.apache.coyote.http11.Http11Processor.service(Http11Processor.java:408)
	at org.apache.coyote.AbstractProcessorLight.process(AbstractProcessorLight.java:66)
	at org.apache.coyote.AbstractProtocol$ConnectionHandler.process(AbstractProtocol.java:836)
	at org.apache.tomcat.util.net.NioEndpoint$SocketProcessor.doRun(NioEndpoint.java:1747)
	at org.apache.tomcat.util.net.SocketProcessorBase.run(SocketProcessorBase.java:49)
	at java.base/java.util.concurrent.ThreadPoolExecutor.runWorker(ThreadPoolExecutor.java:1128)
	at java.base/java.util.concurrent.ThreadPoolExecutor$Worker.run(ThreadPoolExecutor.java:628)
	at org.apache.tomcat.util.threads.TaskThread$WrappingRunnable.run(TaskThread.java:61)
	at java.base/java.lang.Thread.run(Thread.java:835)

06-Aug-2019 14:36:36.780 WARNING [http-nio-8080-exec-7] org.camunda.bpm.engine.rest.exception.ProcessEngineExceptionHandler.toResponse org.camunda.bpm.engine.ProcessEngineException: ENGINE-09005 Could not parse BPMN process. Errors: 
* One of the attributes 'class', 'delegateExpression', 'type', or 'expression' is mandatory on serviceTask. | complicated_diagram.bpmn | line 223 | column 65
	at org.camunda.bpm.engine.impl.util.EngineUtilLogger.exceptionDuringParsing(EngineUtilLogger.java:62)
	at org.camunda.bpm.engine.impl.util.xml.Parse.throwExceptionForErrors(Parse.java:208)
	at org.camunda.bpm.engine.impl.bpmn.parser.BpmnParse.execute(BpmnParse.java:272)
	at org.camunda.bpm.engine.impl.bpmn.deployer.BpmnDeployer.transformDefinitions(BpmnDeployer.java:105)
	at org.camunda.bpm.engine.impl.AbstractDefinitionDeployer.transformResource(AbstractDefinitionDeployer.java:99)
	at org.camunda.bpm.engine.impl.AbstractDefinitionDeployer.parseDefinitionResources(AbstractDefinitionDeployer.java:74)
	at org.camunda.bpm.engine.impl.AbstractDefinitionDeployer.deploy(AbstractDefinitionDeployer.java:64)
	at org.camunda.bpm.engine.impl.persistence.deploy.cache.CacheDeployer$1.call(CacheDeployer.java:54)
	at org.camunda.bpm.engine.impl.persistence.deploy.cache.CacheDeployer$1.call(CacheDeployer.java:51)
	at org.camunda.bpm.engine.impl.interceptor.CommandContext.runWithoutAuthorization(CommandContext.java:482)
	at org.camunda.bpm.engine.impl.persistence.deploy.cache.CacheDeployer.deploy(CacheDeployer.java:51)
	at org.camunda.bpm.engine.impl.persistence.deploy.cache.DeploymentCache.deploy(DeploymentCache.java:67)
	at org.camunda.bpm.engine.impl.persistence.entity.DeploymentManager.insertDeployment(DeploymentManager.java:65)
	at org.camunda.bpm.engine.impl.cmd.DeployCmd.deploy(DeployCmd.java:486)
	at org.camunda.bpm.engine.impl.cmd.DeployCmd$1.call(DeployCmd.java:142)
	at org.camunda.bpm.engine.impl.cmd.DeployCmd$1.call(DeployCmd.java:130)
	at org.camunda.bpm.engine.impl.interceptor.CommandContext.runWithoutAuthorization(CommandContext.java:482)
	at org.camunda.bpm.engine.impl.cmd.DeployCmd.doExecute(DeployCmd.java:130)
	at org.camunda.bpm.engine.impl.cmd.DeployCmd.execute(DeployCmd.java:96)
	at org.camunda.bpm.engine.impl.cmd.DeployCmd.execute(DeployCmd.java:76)
	at org.camunda.bpm.engine.impl.interceptor.CommandExecutorImpl.execute(CommandExecutorImpl.java:28)
	at org.camunda.bpm.engine.impl.interceptor.CommandContextInterceptor.execute(CommandContextInterceptor.java:107)
	at org.camunda.bpm.engine.impl.interceptor.ProcessApplicationContextInterceptor.execute(ProcessApplicationContextInterceptor.java:70)
	at org.camunda.bpm.engine.impl.interceptor.LogInterceptor.execute(LogInterceptor.java:33)
	at org.camunda.bpm.engine.impl.RepositoryServiceImpl.deployWithResult(RepositoryServiceImpl.java:102)
	at org.camunda.bpm.engine.impl.repository.DeploymentBuilderImpl.deployWithResult(DeploymentBuilderImpl.java:270)
	at org.camunda.bpm.engine.rest.impl.DeploymentRestServiceImpl.createDeployment(DeploymentRestServiceImpl.java:98)
	at java.base/jdk.internal.reflect.NativeMethodAccessorImpl.invoke0(Native Method)
	at java.base/jdk.internal.reflect.NativeMethodAccessorImpl.invoke(NativeMethodAccessorImpl.java:62)
	at java.base/jdk.internal.reflect.DelegatingMethodAccessorImpl.invoke(DelegatingMethodAccessorImpl.java:43)
	at java.base/java.lang.reflect.Method.invoke(Method.java:567)
	at org.jboss.resteasy.core.MethodInjectorImpl.invoke(MethodInjectorImpl.java:140)
	at org.jboss.resteasy.core.ResourceMethodInvoker.invokeOnTarget(ResourceMethodInvoker.java:295)
	at org.jboss.resteasy.core.ResourceMethodInvoker.invoke(ResourceMethodInvoker.java:249)
	at org.jboss.resteasy.core.ResourceLocatorInvoker.invokeOnTargetObject(ResourceLocatorInvoker.java:138)
	at org.jboss.resteasy.core.ResourceLocatorInvoker.invoke(ResourceLocatorInvoker.java:101)
	at org.jboss.resteasy.core.SynchronousDispatcher.invoke(SynchronousDispatcher.java:406)
	at org.jboss.resteasy.core.SynchronousDispatcher.invoke(SynchronousDispatcher.java:213)
	at org.jboss.resteasy.plugins.server.servlet.ServletContainerDispatcher.service(ServletContainerDispatcher.java:228)
	at org.jboss.resteasy.plugins.server.servlet.HttpServletDispatcher.service(HttpServletDispatcher.java:56)
	at org.jboss.resteasy.plugins.server.servlet.HttpServletDispatcher.service(HttpServletDispatcher.java:51)
	at javax.servlet.http.HttpServlet.service(HttpServlet.java:741)
	at org.apache.catalina.core.ApplicationFilterChain.internalDoFilter(ApplicationFilterChain.java:231)
	at org.apache.catalina.core.ApplicationFilterChain.doFilter(ApplicationFilterChain.java:166)
	at org.apache.tomcat.websocket.server.WsFilter.doFilter(WsFilter.java:53)
	at org.apache.catalina.core.ApplicationFilterChain.internalDoFilter(ApplicationFilterChain.java:193)
	at org.apache.catalina.core.ApplicationFilterChain.doFilter(ApplicationFilterChain.java:166)
	at org.camunda.bpm.engine.rest.filter.CacheControlFilter.doFilter(CacheControlFilter.java:45)
	at org.apache.catalina.core.ApplicationFilterChain.internalDoFilter(ApplicationFilterChain.java:193)
	at org.apache.catalina.core.ApplicationFilterChain.doFilter(ApplicationFilterChain.java:166)
	at org.camunda.bpm.engine.rest.filter.EmptyBodyFilter.doFilter(EmptyBodyFilter.java:101)
	at org.apache.catalina.core.ApplicationFilterChain.internalDoFilter(ApplicationFilterChain.java:193)
	at org.apache.catalina.core.ApplicationFilterChain.doFilter(ApplicationFilterChain.java:166)
	at org.apache.catalina.core.StandardWrapperValve.invoke(StandardWrapperValve.java:200)
	at org.apache.catalina.core.StandardContextValve.invoke(StandardContextValve.java:96)
	at org.apache.catalina.authenticator.AuthenticatorBase.invoke(AuthenticatorBase.java:490)
	at org.apache.catalina.core.StandardHostValve.invoke(StandardHostValve.java:139)
	at org.apache.catalina.valves.ErrorReportValve.invoke(ErrorReportValve.java:92)
	at org.apache.catalina.valves.AbstractAccessLogValve.invoke(AbstractAccessLogValve.java:678)
	at org.apache.catalina.core.StandardEngineValve.invoke(StandardEngineValve.java:74)
	at org.apache.catalina.connector.CoyoteAdapter.service(CoyoteAdapter.java:343)
	at org.apache.coyote.http11.Http11Processor.service(Http11Processor.java:408)
	at org.apache.coyote.AbstractProcessorLight.process(AbstractProcessorLight.java:66)
	at org.apache.coyote.AbstractProtocol$ConnectionHandler.process(AbstractProtocol.java:836)
	at org.apache.tomcat.util.net.NioEndpoint$SocketProcessor.doRun(NioEndpoint.java:1747)
	at org.apache.tomcat.util.net.SocketProcessorBase.run(SocketProcessorBase.java:49)
	at java.base/java.util.concurrent.ThreadPoolExecutor.runWorker(ThreadPoolExecutor.java:1128)
	at java.base/java.util.concurrent.ThreadPoolExecutor$Worker.run(ThreadPoolExecutor.java:628)
	at org.apache.tomcat.util.threads.TaskThread$WrappingRunnable.run(TaskThread.java:61)
	at java.base/java.lang.Thread.run(Thread.java:835)

06-Aug-2019 14:40:05.192 INFO [http-nio-8080-exec-6] org.jboss.resteasy.logging.impl.Slf4jLogger.info Deploying javax.ws.rs.core.Application: class org.camunda.bpm.tasklist.impl.web.TasklistApplication
06-Aug-2019 14:45:56.512 SEVERE [http-nio-8080-exec-7] org.camunda.commons.logging.BaseLogger.logError ENGINE-16006 BPMN Stack Trace:
	ExclusiveGateway_1menkzq (activity-leave, ProcessInstance[307c0696-b88b-11e9-bd41-3e73f020d330])
	ExclusiveGateway_1menkzq
	  ^
	  |
	Task_17q60iu, name=Check if form is complete
	  ^
	  |
	ExclusiveGateway_0b4o1km
	  ^
	  |
	StartEvent_1dswcsf, name=Loan Application Completed

06-Aug-2019 14:45:56.512 SEVERE [http-nio-8080-exec-7] org.camunda.commons.logging.BaseLogger.logError ENGINE-16004 Exception while closing command context: Unknown property used in expression: ${status == 'incomplete'}. Cause: Cannot resolve identifier 'status'
 org.camunda.bpm.engine.ProcessEngineException: Unknown property used in expression: ${status == 'incomplete'}. Cause: Cannot resolve identifier 'status'
	at org.camunda.bpm.engine.impl.el.JuelExpression.getValue(JuelExpression.java:63)
	at org.camunda.bpm.engine.impl.el.UelExpressionCondition.evaluate(UelExpressionCondition.java:50)
	at org.camunda.bpm.engine.impl.el.UelExpressionCondition.evaluate(UelExpressionCondition.java:45)
	at org.camunda.bpm.engine.impl.bpmn.behavior.ExclusiveGatewayActivityBehavior.doLeave(ExclusiveGatewayActivityBehavior.java:64)
	at org.camunda.bpm.engine.impl.pvm.runtime.operation.PvmAtomicOperationActivityLeave.execute(PvmAtomicOperationActivityLeave.java:56)
	at org.camunda.bpm.engine.impl.pvm.runtime.operation.PvmAtomicOperationActivityLeave.execute(PvmAtomicOperationActivityLeave.java:32)
	at org.camunda.bpm.engine.impl.interceptor.AtomicOperationInvocation.execute(AtomicOperationInvocation.java:96)
	at org.camunda.bpm.engine.impl.interceptor.CommandInvocationContext.invokeNext(CommandInvocationContext.java:128)
	at org.camunda.bpm.engine.impl.interceptor.CommandInvocationContext.performNext(CommandInvocationContext.java:108)
	at org.camunda.bpm.engine.impl.interceptor.CommandInvocationContext.performOperation(CommandInvocationContext.java:83)
	at org.camunda.bpm.engine.impl.persistence.entity.ExecutionEntity.performOperation(ExecutionEntity.java:640)
	at org.camunda.bpm.engine.impl.persistence.entity.ExecutionEntity.performOperation(ExecutionEntity.java:614)
	at org.camunda.bpm.engine.impl.pvm.runtime.PvmExecutionImpl$6.callback(PvmExecutionImpl.java:1935)
	at org.camunda.bpm.engine.impl.pvm.runtime.PvmExecutionImpl$6.callback(PvmExecutionImpl.java:1932)
	at org.camunda.bpm.engine.impl.pvm.runtime.PvmExecutionImpl.continueExecutionIfNotCanceled(PvmExecutionImpl.java:2002)
	at org.camunda.bpm.engine.impl.pvm.runtime.PvmExecutionImpl.dispatchDelayedEventsAndPerformOperation(PvmExecutionImpl.java:1951)
	at org.camunda.bpm.engine.impl.pvm.runtime.PvmExecutionImpl.dispatchDelayedEventsAndPerformOperation(PvmExecutionImpl.java:1932)
	at org.camunda.bpm.engine.impl.bpmn.behavior.FlowNodeActivityBehavior.leave(FlowNodeActivityBehavior.java:52)
	at org.camunda.bpm.engine.impl.bpmn.behavior.FlowNodeActivityBehavior.execute(FlowNodeActivityBehavior.java:44)
	at org.camunda.bpm.engine.impl.pvm.runtime.operation.PvmAtomicOperationActivityExecute$2.callback(PvmAtomicOperationActivityExecute.java:61)
	at org.camunda.bpm.engine.impl.pvm.runtime.operation.PvmAtomicOperationActivityExecute$2.callback(PvmAtomicOperationActivityExecute.java:50)
	at org.camunda.bpm.engine.impl.pvm.runtime.PvmExecutionImpl.continueIfExecutionDoesNotAffectNextOperation(PvmExecutionImpl.java:1996)
	at org.camunda.bpm.engine.impl.pvm.runtime.operation.PvmAtomicOperationActivityExecute.execute(PvmAtomicOperationActivityExecute.java:42)
	at org.camunda.bpm.engine.impl.pvm.runtime.operation.PvmAtomicOperationActivityExecute.execute(PvmAtomicOperationActivityExecute.java:31)
	at org.camunda.bpm.engine.impl.interceptor.AtomicOperationInvocation.execute(AtomicOperationInvocation.java:96)
	at org.camunda.bpm.engine.impl.interceptor.CommandInvocationContext.invokeNext(CommandInvocationContext.java:128)
	at org.camunda.bpm.engine.impl.interceptor.CommandInvocationContext.performNext(CommandInvocationContext.java:108)
	at org.camunda.bpm.engine.impl.interceptor.CommandInvocationContext.performOperation(CommandInvocationContext.java:83)
	at org.camunda.bpm.engine.impl.persistence.entity.ExecutionEntity.performOperation(ExecutionEntity.java:640)
	at org.camunda.bpm.engine.impl.persistence.entity.ExecutionEntity.performOperation(ExecutionEntity.java:614)
	at org.camunda.bpm.engine.impl.pvm.runtime.PvmExecutionImpl$6.callback(PvmExecutionImpl.java:1935)
	at org.camunda.bpm.engine.impl.pvm.runtime.PvmExecutionImpl$6.callback(PvmExecutionImpl.java:1932)
	at org.camunda.bpm.engine.impl.pvm.runtime.PvmExecutionImpl.continueExecutionIfNotCanceled(PvmExecutionImpl.java:2002)
	at org.camunda.bpm.engine.impl.pvm.runtime.PvmExecutionImpl.dispatchDelayedEventsAndPerformOperation(PvmExecutionImpl.java:1951)
	at org.camunda.bpm.engine.impl.pvm.runtime.PvmExecutionImpl.dispatchDelayedEventsAndPerformOperation(PvmExecutionImpl.java:1932)
	at org.camunda.bpm.engine.impl.pvm.runtime.operation.PvmAtomicOperationTransitionNotifyListenerStart.eventNotificationsCompleted(PvmAtomicOperationTransitionNotifyListenerStart.java:60)
	at org.camunda.bpm.engine.impl.pvm.runtime.operation.PvmAtomicOperationTransitionNotifyListenerStart.eventNotificationsCompleted(PvmAtomicOperationTransitionNotifyListenerStart.java:30)
	at org.camunda.bpm.engine.impl.core.operation.AbstractEventAtomicOperation.execute(AbstractEventAtomicOperation.java:66)
	at org.camunda.bpm.engine.impl.interceptor.AtomicOperationInvocation.execute(AtomicOperationInvocation.java:96)
	at org.camunda.bpm.engine.impl.interceptor.CommandInvocationContext.invokeNext(CommandInvocationContext.java:128)
	at org.camunda.bpm.engine.impl.interceptor.CommandInvocationContext.performNext(CommandInvocationContext.java:108)
	at org.camunda.bpm.engine.impl.interceptor.CommandInvocationContext.performOperation(CommandInvocationContext.java:83)
	at org.camunda.bpm.engine.impl.interceptor.CommandInvocationContext.performOperation(CommandInvocationContext.java:73)
	at org.camunda.bpm.engine.impl.persistence.entity.ExecutionEntity.performOperationSync(ExecutionEntity.java:649)
	at org.camunda.bpm.engine.impl.persistence.entity.ExecutionEntity.performOperationSync(ExecutionEntity.java:624)
	at org.camunda.bpm.engine.impl.core.operation.AbstractEventAtomicOperation.execute(AbstractEventAtomicOperation.java:62)
	at org.camunda.bpm.engine.impl.interceptor.AtomicOperationInvocation.execute(AtomicOperationInvocation.java:96)
	at org.camunda.bpm.engine.impl.interceptor.CommandInvocationContext.invokeNext(CommandInvocationContext.java:128)
	at org.camunda.bpm.engine.impl.interceptor.CommandInvocationContext.performNext(CommandInvocationContext.java:108)
	at org.camunda.bpm.engine.impl.interceptor.CommandInvocationContext.performOperation(CommandInvocationContext.java:83)
	at org.camunda.bpm.engine.impl.interceptor.CommandInvocationContext.performOperation(CommandInvocationContext.java:73)
	at org.camunda.bpm.engine.impl.persistence.entity.ExecutionEntity.performOperationSync(ExecutionEntity.java:649)
	at org.camunda.bpm.engine.impl.persistence.entity.ExecutionEntity.performOperationSync(ExecutionEntity.java:624)
	at org.camunda.bpm.engine.impl.core.operation.AbstractEventAtomicOperation.execute(AbstractEventAtomicOperation.java:62)
	at org.camunda.bpm.engine.impl.interceptor.AtomicOperationInvocation.execute(AtomicOperationInvocation.java:96)
	at org.camunda.bpm.engine.impl.interceptor.CommandInvocationContext.invokeNext(CommandInvocationContext.java:128)
	at org.camunda.bpm.engine.impl.interceptor.CommandInvocationContext.performNext(CommandInvocationContext.java:108)
	at org.camunda.bpm.engine.impl.interceptor.CommandInvocationContext.performOperation(CommandInvocationContext.java:83)
	at org.camunda.bpm.engine.impl.interceptor.CommandInvocationContext.performOperation(CommandInvocationContext.java:73)
	at org.camunda.bpm.engine.impl.persistence.entity.ExecutionEntity.performOperationSync(ExecutionEntity.java:649)
	at org.camunda.bpm.engine.impl.persistence.entity.ExecutionEntity.performOperationSync(ExecutionEntity.java:624)
	at org.camunda.bpm.engine.impl.core.operation.AbstractEventAtomicOperation.execute(AbstractEventAtomicOperation.java:62)
	at org.camunda.bpm.engine.impl.interceptor.AtomicOperationInvocation.execute(AtomicOperationInvocation.java:96)
	at org.camunda.bpm.engine.impl.interceptor.CommandInvocationContext.invokeNext(CommandInvocationContext.java:128)
	at org.camunda.bpm.engine.impl.interceptor.CommandInvocationContext.performNext(CommandInvocationContext.java:108)
	at org.camunda.bpm.engine.impl.interceptor.CommandInvocationContext.performOperation(CommandInvocationContext.java:83)
	at org.camunda.bpm.engine.impl.persistence.entity.ExecutionEntity.performOperation(ExecutionEntity.java:640)
	at org.camunda.bpm.engine.impl.persistence.entity.ExecutionEntity.performOperation(ExecutionEntity.java:614)
	at org.camunda.bpm.engine.impl.pvm.runtime.operation.PvmAtomicOperationTransitionCreateScope.scopeCreated(PvmAtomicOperationTransitionCreateScope.java:38)
	at org.camunda.bpm.engine.impl.pvm.runtime.operation.PvmAtomicOperationCreateScope.execute(PvmAtomicOperationCreateScope.java:54)
	at org.camunda.bpm.engine.impl.pvm.runtime.operation.PvmAtomicOperationCreateScope.execute(PvmAtomicOperationCreateScope.java:28)
	at org.camunda.bpm.engine.impl.interceptor.AtomicOperationInvocation.execute(AtomicOperationInvocation.java:96)
	at org.camunda.bpm.engine.impl.interceptor.CommandInvocationContext.invokeNext(CommandInvocationContext.java:128)
	at org.camunda.bpm.engine.impl.interceptor.CommandInvocationContext.performNext(CommandInvocationContext.java:115)
	at org.camunda.bpm.engine.impl.interceptor.CommandInvocationContext.performOperation(CommandInvocationContext.java:83)
	at org.camunda.bpm.engine.impl.persistence.entity.ExecutionEntity.performOperation(ExecutionEntity.java:640)
	at org.camunda.bpm.engine.impl.persistence.entity.ExecutionEntity.startWithFormProperties(ExecutionEntity.java:499)
	at org.camunda.bpm.engine.impl.cmd.SubmitStartFormCmd.execute(SubmitStartFormCmd.java:85)
	at org.camunda.bpm.engine.impl.cmd.SubmitStartFormCmd.execute(SubmitStartFormCmd.java:43)
	at org.camunda.bpm.engine.impl.interceptor.CommandExecutorImpl.execute(CommandExecutorImpl.java:28)
	at org.camunda.bpm.engine.impl.interceptor.CommandContextInterceptor.execute(CommandContextInterceptor.java:107)
	at org.camunda.bpm.engine.impl.interceptor.ProcessApplicationContextInterceptor.execute(ProcessApplicationContextInterceptor.java:70)
	at org.camunda.bpm.engine.impl.interceptor.LogInterceptor.execute(LogInterceptor.java:33)
	at org.camunda.bpm.engine.impl.FormServiceImpl.submitStartForm(FormServiceImpl.java:79)
	at org.camunda.bpm.engine.rest.sub.repository.impl.ProcessDefinitionResourceImpl.submitForm(ProcessDefinitionResourceImpl.java:188)
	at java.base/jdk.internal.reflect.NativeMethodAccessorImpl.invoke0(Native Method)
	at java.base/jdk.internal.reflect.NativeMethodAccessorImpl.invoke(NativeMethodAccessorImpl.java:62)
	at java.base/jdk.internal.reflect.DelegatingMethodAccessorImpl.invoke(DelegatingMethodAccessorImpl.java:43)
	at java.base/java.lang.reflect.Method.invoke(Method.java:567)
	at org.jboss.resteasy.core.MethodInjectorImpl.invoke(MethodInjectorImpl.java:167)
	at org.jboss.resteasy.core.ResourceMethod.invokeOnTarget(ResourceMethod.java:257)
	at org.jboss.resteasy.core.ResourceMethod.invoke(ResourceMethod.java:222)
	at org.jboss.resteasy.core.ResourceLocator.invokeOnTargetObject(ResourceLocator.java:159)
	at org.jboss.resteasy.core.ResourceLocator.invoke(ResourceLocator.java:107)
	at org.jboss.resteasy.core.ResourceLocator.invokeOnTargetObject(ResourceLocator.java:154)
	at org.jboss.resteasy.core.ResourceLocator.invoke(ResourceLocator.java:92)
	at org.jboss.resteasy.core.SynchronousDispatcher.getResponse(SynchronousDispatcher.java:542)
	at org.jboss.resteasy.core.SynchronousDispatcher.invoke(SynchronousDispatcher.java:524)
	at org.jboss.resteasy.core.SynchronousDispatcher.invoke(SynchronousDispatcher.java:126)
	at org.jboss.resteasy.plugins.server.servlet.ServletContainerDispatcher.service(ServletContainerDispatcher.java:208)
	at org.jboss.resteasy.plugins.server.servlet.HttpServletDispatcher.service(HttpServletDispatcher.java:55)
	at org.jboss.resteasy.plugins.server.servlet.HttpServletDispatcher.service(HttpServletDispatcher.java:50)
	at javax.servlet.http.HttpServlet.service(HttpServlet.java:741)
	at org.apache.catalina.core.ApplicationFilterChain.internalDoFilter(ApplicationFilterChain.java:231)
	at org.apache.catalina.core.ApplicationFilterChain.doFilter(ApplicationFilterChain.java:166)
	at org.apache.tomcat.websocket.server.WsFilter.doFilter(WsFilter.java:53)
	at org.apache.catalina.core.ApplicationFilterChain.internalDoFilter(ApplicationFilterChain.java:193)
	at org.apache.catalina.core.ApplicationFilterChain.doFilter(ApplicationFilterChain.java:166)
	at org.camunda.bpm.engine.rest.filter.CacheControlFilter.doFilter(CacheControlFilter.java:45)
	at org.apache.catalina.core.ApplicationFilterChain.internalDoFilter(ApplicationFilterChain.java:193)
	at org.apache.catalina.core.ApplicationFilterChain.doFilter(ApplicationFilterChain.java:166)
	at org.camunda.bpm.engine.rest.filter.EmptyBodyFilter.doFilter(EmptyBodyFilter.java:99)
	at org.apache.catalina.core.ApplicationFilterChain.internalDoFilter(ApplicationFilterChain.java:193)
	at org.apache.catalina.core.ApplicationFilterChain.doFilter(ApplicationFilterChain.java:166)
	at org.camunda.bpm.webapp.impl.security.filter.CsrfPreventionFilter.doFilter(CsrfPreventionFilter.java:165)
	at org.apache.catalina.core.ApplicationFilterChain.internalDoFilter(ApplicationFilterChain.java:193)
	at org.apache.catalina.core.ApplicationFilterChain.doFilter(ApplicationFilterChain.java:166)
	at org.camunda.bpm.webapp.impl.security.filter.SecurityFilter.doFilterSecure(SecurityFilter.java:71)
	at org.camunda.bpm.webapp.impl.security.filter.SecurityFilter.doFilter(SecurityFilter.java:55)
	at org.apache.catalina.core.ApplicationFilterChain.internalDoFilter(ApplicationFilterChain.java:193)
	at org.apache.catalina.core.ApplicationFilterChain.doFilter(ApplicationFilterChain.java:166)
	at org.camunda.bpm.webapp.impl.security.auth.AuthenticationFilter$1.execute(AuthenticationFilter.java:62)
	at org.camunda.bpm.webapp.impl.security.auth.AuthenticationFilter$1.execute(AuthenticationFilter.java:60)
	at org.camunda.bpm.webapp.impl.security.SecurityActions.runWithAuthentications(SecurityActions.java:44)
	at org.camunda.bpm.webapp.impl.security.auth.AuthenticationFilter.doFilter(AuthenticationFilter.java:60)
	at org.apache.catalina.core.ApplicationFilterChain.internalDoFilter(ApplicationFilterChain.java:193)
	at org.apache.catalina.core.ApplicationFilterChain.doFilter(ApplicationFilterChain.java:166)
	at org.apache.catalina.core.StandardWrapperValve.invoke(StandardWrapperValve.java:200)
	at org.apache.catalina.core.StandardContextValve.invoke(StandardContextValve.java:96)
	at org.apache.catalina.authenticator.AuthenticatorBase.invoke(AuthenticatorBase.java:490)
	at org.apache.catalina.core.StandardHostValve.invoke(StandardHostValve.java:139)
	at org.apache.catalina.valves.ErrorReportValve.invoke(ErrorReportValve.java:92)
	at org.apache.catalina.valves.AbstractAccessLogValve.invoke(AbstractAccessLogValve.java:678)
	at org.apache.catalina.core.StandardEngineValve.invoke(StandardEngineValve.java:74)
	at org.apache.catalina.connector.CoyoteAdapter.service(CoyoteAdapter.java:343)
	at org.apache.coyote.http11.Http11Processor.service(Http11Processor.java:408)
	at org.apache.coyote.AbstractProcessorLight.process(AbstractProcessorLight.java:66)
	at org.apache.coyote.AbstractProtocol$ConnectionHandler.process(AbstractProtocol.java:836)
	at org.apache.tomcat.util.net.NioEndpoint$SocketProcessor.doRun(NioEndpoint.java:1747)
	at org.apache.tomcat.util.net.SocketProcessorBase.run(SocketProcessorBase.java:49)
	at java.base/java.util.concurrent.ThreadPoolExecutor.runWorker(ThreadPoolExecutor.java:1128)
	at java.base/java.util.concurrent.ThreadPoolExecutor$Worker.run(ThreadPoolExecutor.java:628)
	at org.apache.tomcat.util.threads.TaskThread$WrappingRunnable.run(TaskThread.java:61)
	at java.base/java.lang.Thread.run(Thread.java:835)
Caused by: org.camunda.bpm.engine.impl.javax.el.PropertyNotFoundException: Cannot resolve identifier 'status'
	at org.camunda.bpm.engine.impl.juel.AstIdentifier.eval(AstIdentifier.java:83)
	at org.camunda.bpm.engine.impl.juel.AstBinary$SimpleOperator.eval(AstBinary.java:27)
	at org.camunda.bpm.engine.impl.juel.AstBinary.eval(AstBinary.java:106)
	at org.camunda.bpm.engine.impl.juel.AstEval.eval(AstEval.java:50)
	at org.camunda.bpm.engine.impl.juel.AstNode.getValue(AstNode.java:26)
	at org.camunda.bpm.engine.impl.juel.TreeValueExpression.getValue(TreeValueExpression.java:114)
	at org.camunda.bpm.engine.impl.delegate.ExpressionGetInvocation.invoke(ExpressionGetInvocation.java:40)
	at org.camunda.bpm.engine.impl.delegate.DelegateInvocation.proceed(DelegateInvocation.java:58)
	at org.camunda.bpm.engine.impl.delegate.DefaultDelegateInterceptor.handleInvocationInContext(DefaultDelegateInterceptor.java:92)
	at org.camunda.bpm.engine.impl.delegate.DefaultDelegateInterceptor.handleInvocation(DefaultDelegateInterceptor.java:63)
	at org.camunda.bpm.engine.impl.el.JuelExpression.getValue(JuelExpression.java:60)
	... 143 more

06-Aug-2019 14:45:56.517 WARNING [http-nio-8080-exec-7] org.camunda.bpm.engine.rest.exception.RestExceptionHandler.toResponse org.camunda.bpm.engine.rest.exception.RestException: Cannot instantiate process definition Process_15gircw:2:887e325e-b88a-11e9-bd41-3e73f020d330: Unknown property used in expression: ${status == 'incomplete'}. Cause: Cannot resolve identifier 'status'
	at org.camunda.bpm.engine.rest.sub.repository.impl.ProcessDefinitionResourceImpl.submitForm(ProcessDefinitionResourceImpl.java:200)
	at java.base/jdk.internal.reflect.NativeMethodAccessorImpl.invoke0(Native Method)
	at java.base/jdk.internal.reflect.NativeMethodAccessorImpl.invoke(NativeMethodAccessorImpl.java:62)
	at java.base/jdk.internal.reflect.DelegatingMethodAccessorImpl.invoke(DelegatingMethodAccessorImpl.java:43)
	at java.base/java.lang.reflect.Method.invoke(Method.java:567)
	at org.jboss.resteasy.core.MethodInjectorImpl.invoke(MethodInjectorImpl.java:167)
	at org.jboss.resteasy.core.ResourceMethod.invokeOnTarget(ResourceMethod.java:257)
	at org.jboss.resteasy.core.ResourceMethod.invoke(ResourceMethod.java:222)
	at org.jboss.resteasy.core.ResourceLocator.invokeOnTargetObject(ResourceLocator.java:159)
	at org.jboss.resteasy.core.ResourceLocator.invoke(ResourceLocator.java:107)
	at org.jboss.resteasy.core.ResourceLocator.invokeOnTargetObject(ResourceLocator.java:154)
	at org.jboss.resteasy.core.ResourceLocator.invoke(ResourceLocator.java:92)
	at org.jboss.resteasy.core.SynchronousDispatcher.getResponse(SynchronousDispatcher.java:542)
	at org.jboss.resteasy.core.SynchronousDispatcher.invoke(SynchronousDispatcher.java:524)
	at org.jboss.resteasy.core.SynchronousDispatcher.invoke(SynchronousDispatcher.java:126)
	at org.jboss.resteasy.plugins.server.servlet.ServletContainerDispatcher.service(ServletContainerDispatcher.java:208)
	at org.jboss.resteasy.plugins.server.servlet.HttpServletDispatcher.service(HttpServletDispatcher.java:55)
	at org.jboss.resteasy.plugins.server.servlet.HttpServletDispatcher.service(HttpServletDispatcher.java:50)
	at javax.servlet.http.HttpServlet.service(HttpServlet.java:741)
	at org.apache.catalina.core.ApplicationFilterChain.internalDoFilter(ApplicationFilterChain.java:231)
	at org.apache.catalina.core.ApplicationFilterChain.doFilter(ApplicationFilterChain.java:166)
	at org.apache.tomcat.websocket.server.WsFilter.doFilter(WsFilter.java:53)
	at org.apache.catalina.core.ApplicationFilterChain.internalDoFilter(ApplicationFilterChain.java:193)
	at org.apache.catalina.core.ApplicationFilterChain.doFilter(ApplicationFilterChain.java:166)
	at org.camunda.bpm.engine.rest.filter.CacheControlFilter.doFilter(CacheControlFilter.java:45)
	at org.apache.catalina.core.ApplicationFilterChain.internalDoFilter(ApplicationFilterChain.java:193)
	at org.apache.catalina.core.ApplicationFilterChain.doFilter(ApplicationFilterChain.java:166)
	at org.camunda.bpm.engine.rest.filter.EmptyBodyFilter.doFilter(EmptyBodyFilter.java:99)
	at org.apache.catalina.core.ApplicationFilterChain.internalDoFilter(ApplicationFilterChain.java:193)
	at org.apache.catalina.core.ApplicationFilterChain.doFilter(ApplicationFilterChain.java:166)
	at org.camunda.bpm.webapp.impl.security.filter.CsrfPreventionFilter.doFilter(CsrfPreventionFilter.java:165)
	at org.apache.catalina.core.ApplicationFilterChain.internalDoFilter(ApplicationFilterChain.java:193)
	at org.apache.catalina.core.ApplicationFilterChain.doFilter(ApplicationFilterChain.java:166)
	at org.camunda.bpm.webapp.impl.security.filter.SecurityFilter.doFilterSecure(SecurityFilter.java:71)
	at org.camunda.bpm.webapp.impl.security.filter.SecurityFilter.doFilter(SecurityFilter.java:55)
	at org.apache.catalina.core.ApplicationFilterChain.internalDoFilter(ApplicationFilterChain.java:193)
	at org.apache.catalina.core.ApplicationFilterChain.doFilter(ApplicationFilterChain.java:166)
	at org.camunda.bpm.webapp.impl.security.auth.AuthenticationFilter$1.execute(AuthenticationFilter.java:62)
	at org.camunda.bpm.webapp.impl.security.auth.AuthenticationFilter$1.execute(AuthenticationFilter.java:60)
	at org.camunda.bpm.webapp.impl.security.SecurityActions.runWithAuthentications(SecurityActions.java:44)
	at org.camunda.bpm.webapp.impl.security.auth.AuthenticationFilter.doFilter(AuthenticationFilter.java:60)
	at org.apache.catalina.core.ApplicationFilterChain.internalDoFilter(ApplicationFilterChain.java:193)
	at org.apache.catalina.core.ApplicationFilterChain.doFilter(ApplicationFilterChain.java:166)
	at org.apache.catalina.core.StandardWrapperValve.invoke(StandardWrapperValve.java:200)
	at org.apache.catalina.core.StandardContextValve.invoke(StandardContextValve.java:96)
	at org.apache.catalina.authenticator.AuthenticatorBase.invoke(AuthenticatorBase.java:490)
	at org.apache.catalina.core.StandardHostValve.invoke(StandardHostValve.java:139)
	at org.apache.catalina.valves.ErrorReportValve.invoke(ErrorReportValve.java:92)
	at org.apache.catalina.valves.AbstractAccessLogValve.invoke(AbstractAccessLogValve.java:678)
	at org.apache.catalina.core.StandardEngineValve.invoke(StandardEngineValve.java:74)
	at org.apache.catalina.connector.CoyoteAdapter.service(CoyoteAdapter.java:343)
	at org.apache.coyote.http11.Http11Processor.service(Http11Processor.java:408)
	at org.apache.coyote.AbstractProcessorLight.process(AbstractProcessorLight.java:66)
	at org.apache.coyote.AbstractProtocol$ConnectionHandler.process(AbstractProtocol.java:836)
	at org.apache.tomcat.util.net.NioEndpoint$SocketProcessor.doRun(NioEndpoint.java:1747)
	at org.apache.tomcat.util.net.SocketProcessorBase.run(SocketProcessorBase.java:49)
	at java.base/java.util.concurrent.ThreadPoolExecutor.runWorker(ThreadPoolExecutor.java:1128)
	at java.base/java.util.concurrent.ThreadPoolExecutor$Worker.run(ThreadPoolExecutor.java:628)
	at org.apache.tomcat.util.threads.TaskThread$WrappingRunnable.run(TaskThread.java:61)
	at java.base/java.lang.Thread.run(Thread.java:835)
Caused by: org.camunda.bpm.engine.ProcessEngineException: Unknown property used in expression: ${status == 'incomplete'}. Cause: Cannot resolve identifier 'status'
	at org.camunda.bpm.engine.impl.el.JuelExpression.getValue(JuelExpression.java:63)
	at org.camunda.bpm.engine.impl.el.UelExpressionCondition.evaluate(UelExpressionCondition.java:50)
	at org.camunda.bpm.engine.impl.el.UelExpressionCondition.evaluate(UelExpressionCondition.java:45)
	at org.camunda.bpm.engine.impl.bpmn.behavior.ExclusiveGatewayActivityBehavior.doLeave(ExclusiveGatewayActivityBehavior.java:64)
	at org.camunda.bpm.engine.impl.pvm.runtime.operation.PvmAtomicOperationActivityLeave.execute(PvmAtomicOperationActivityLeave.java:56)
	at org.camunda.bpm.engine.impl.pvm.runtime.operation.PvmAtomicOperationActivityLeave.execute(PvmAtomicOperationActivityLeave.java:32)
	at org.camunda.bpm.engine.impl.interceptor.AtomicOperationInvocation.execute(AtomicOperationInvocation.java:96)
	at org.camunda.bpm.engine.impl.interceptor.CommandInvocationContext.invokeNext(CommandInvocationContext.java:128)
	at org.camunda.bpm.engine.impl.interceptor.CommandInvocationContext.performNext(CommandInvocationContext.java:108)
	at org.camunda.bpm.engine.impl.interceptor.CommandInvocationContext.performOperation(CommandInvocationContext.java:83)
	at org.camunda.bpm.engine.impl.persistence.entity.ExecutionEntity.performOperation(ExecutionEntity.java:640)
	at org.camunda.bpm.engine.impl.persistence.entity.ExecutionEntity.performOperation(ExecutionEntity.java:614)
	at org.camunda.bpm.engine.impl.pvm.runtime.PvmExecutionImpl$6.callback(PvmExecutionImpl.java:1935)
	at org.camunda.bpm.engine.impl.pvm.runtime.PvmExecutionImpl$6.callback(PvmExecutionImpl.java:1932)
	at org.camunda.bpm.engine.impl.pvm.runtime.PvmExecutionImpl.continueExecutionIfNotCanceled(PvmExecutionImpl.java:2002)
	at org.camunda.bpm.engine.impl.pvm.runtime.PvmExecutionImpl.dispatchDelayedEventsAndPerformOperation(PvmExecutionImpl.java:1951)
	at org.camunda.bpm.engine.impl.pvm.runtime.PvmExecutionImpl.dispatchDelayedEventsAndPerformOperation(PvmExecutionImpl.java:1932)
	at org.camunda.bpm.engine.impl.bpmn.behavior.FlowNodeActivityBehavior.leave(FlowNodeActivityBehavior.java:52)
	at org.camunda.bpm.engine.impl.bpmn.behavior.FlowNodeActivityBehavior.execute(FlowNodeActivityBehavior.java:44)
	at org.camunda.bpm.engine.impl.pvm.runtime.operation.PvmAtomicOperationActivityExecute$2.callback(PvmAtomicOperationActivityExecute.java:61)
	at org.camunda.bpm.engine.impl.pvm.runtime.operation.PvmAtomicOperationActivityExecute$2.callback(PvmAtomicOperationActivityExecute.java:50)
	at org.camunda.bpm.engine.impl.pvm.runtime.PvmExecutionImpl.continueIfExecutionDoesNotAffectNextOperation(PvmExecutionImpl.java:1996)
	at org.camunda.bpm.engine.impl.pvm.runtime.operation.PvmAtomicOperationActivityExecute.execute(PvmAtomicOperationActivityExecute.java:42)
	at org.camunda.bpm.engine.impl.pvm.runtime.operation.PvmAtomicOperationActivityExecute.execute(PvmAtomicOperationActivityExecute.java:31)
	at org.camunda.bpm.engine.impl.interceptor.AtomicOperationInvocation.execute(AtomicOperationInvocation.java:96)
	at org.camunda.bpm.engine.impl.interceptor.CommandInvocationContext.invokeNext(CommandInvocationContext.java:128)
	at org.camunda.bpm.engine.impl.interceptor.CommandInvocationContext.performNext(CommandInvocationContext.java:108)
	at org.camunda.bpm.engine.impl.interceptor.CommandInvocationContext.performOperation(CommandInvocationContext.java:83)
	at org.camunda.bpm.engine.impl.persistence.entity.ExecutionEntity.performOperation(ExecutionEntity.java:640)
	at org.camunda.bpm.engine.impl.persistence.entity.ExecutionEntity.performOperation(ExecutionEntity.java:614)
	at org.camunda.bpm.engine.impl.pvm.runtime.PvmExecutionImpl$6.callback(PvmExecutionImpl.java:1935)
	at org.camunda.bpm.engine.impl.pvm.runtime.PvmExecutionImpl$6.callback(PvmExecutionImpl.java:1932)
	at org.camunda.bpm.engine.impl.pvm.runtime.PvmExecutionImpl.continueExecutionIfNotCanceled(PvmExecutionImpl.java:2002)
	at org.camunda.bpm.engine.impl.pvm.runtime.PvmExecutionImpl.dispatchDelayedEventsAndPerformOperation(PvmExecutionImpl.java:1951)
	at org.camunda.bpm.engine.impl.pvm.runtime.PvmExecutionImpl.dispatchDelayedEventsAndPerformOperation(PvmExecutionImpl.java:1932)
	at org.camunda.bpm.engine.impl.pvm.runtime.operation.PvmAtomicOperationTransitionNotifyListenerStart.eventNotificationsCompleted(PvmAtomicOperationTransitionNotifyListenerStart.java:60)
	at org.camunda.bpm.engine.impl.pvm.runtime.operation.PvmAtomicOperationTransitionNotifyListenerStart.eventNotificationsCompleted(PvmAtomicOperationTransitionNotifyListenerStart.java:30)
	at org.camunda.bpm.engine.impl.core.operation.AbstractEventAtomicOperation.execute(AbstractEventAtomicOperation.java:66)
	at org.camunda.bpm.engine.impl.interceptor.AtomicOperationInvocation.execute(AtomicOperationInvocation.java:96)
	at org.camunda.bpm.engine.impl.interceptor.CommandInvocationContext.invokeNext(CommandInvocationContext.java:128)
	at org.camunda.bpm.engine.impl.interceptor.CommandInvocationContext.performNext(CommandInvocationContext.java:108)
	at org.camunda.bpm.engine.impl.interceptor.CommandInvocationContext.performOperation(CommandInvocationContext.java:83)
	at org.camunda.bpm.engine.impl.interceptor.CommandInvocationContext.performOperation(CommandInvocationContext.java:73)
	at org.camunda.bpm.engine.impl.persistence.entity.ExecutionEntity.performOperationSync(ExecutionEntity.java:649)
	at org.camunda.bpm.engine.impl.persistence.entity.ExecutionEntity.performOperationSync(ExecutionEntity.java:624)
	at org.camunda.bpm.engine.impl.core.operation.AbstractEventAtomicOperation.execute(AbstractEventAtomicOperation.java:62)
	at org.camunda.bpm.engine.impl.interceptor.AtomicOperationInvocation.execute(AtomicOperationInvocation.java:96)
	at org.camunda.bpm.engine.impl.interceptor.CommandInvocationContext.invokeNext(CommandInvocationContext.java:128)
	at org.camunda.bpm.engine.impl.interceptor.CommandInvocationContext.performNext(CommandInvocationContext.java:108)
	at org.camunda.bpm.engine.impl.interceptor.CommandInvocationContext.performOperation(CommandInvocationContext.java:83)
	at org.camunda.bpm.engine.impl.interceptor.CommandInvocationContext.performOperation(CommandInvocationContext.java:73)
	at org.camunda.bpm.engine.impl.persistence.entity.ExecutionEntity.performOperationSync(ExecutionEntity.java:649)
	at org.camunda.bpm.engine.impl.persistence.entity.ExecutionEntity.performOperationSync(ExecutionEntity.java:624)
	at org.camunda.bpm.engine.impl.core.operation.AbstractEventAtomicOperation.execute(AbstractEventAtomicOperation.java:62)
	at org.camunda.bpm.engine.impl.interceptor.AtomicOperationInvocation.execute(AtomicOperationInvocation.java:96)
	at org.camunda.bpm.engine.impl.interceptor.CommandInvocationContext.invokeNext(CommandInvocationContext.java:128)
	at org.camunda.bpm.engine.impl.interceptor.CommandInvocationContext.performNext(CommandInvocationContext.java:108)
	at org.camunda.bpm.engine.impl.interceptor.CommandInvocationContext.performOperation(CommandInvocationContext.java:83)
	at org.camunda.bpm.engine.impl.interceptor.CommandInvocationContext.performOperation(CommandInvocationContext.java:73)
	at org.camunda.bpm.engine.impl.persistence.entity.ExecutionEntity.performOperationSync(ExecutionEntity.java:649)
	at org.camunda.bpm.engine.impl.persistence.entity.ExecutionEntity.performOperationSync(ExecutionEntity.java:624)
	at org.camunda.bpm.engine.impl.core.operation.AbstractEventAtomicOperation.execute(AbstractEventAtomicOperation.java:62)
	at org.camunda.bpm.engine.impl.interceptor.AtomicOperationInvocation.execute(AtomicOperationInvocation.java:96)
	at org.camunda.bpm.engine.impl.interceptor.CommandInvocationContext.invokeNext(CommandInvocationContext.java:128)
	at org.camunda.bpm.engine.impl.interceptor.CommandInvocationContext.performNext(CommandInvocationContext.java:108)
	at org.camunda.bpm.engine.impl.interceptor.CommandInvocationContext.performOperation(CommandInvocationContext.java:83)
	at org.camunda.bpm.engine.impl.persistence.entity.ExecutionEntity.performOperation(ExecutionEntity.java:640)
	at org.camunda.bpm.engine.impl.persistence.entity.ExecutionEntity.performOperation(ExecutionEntity.java:614)
	at org.camunda.bpm.engine.impl.pvm.runtime.operation.PvmAtomicOperationTransitionCreateScope.scopeCreated(PvmAtomicOperationTransitionCreateScope.java:38)
	at org.camunda.bpm.engine.impl.pvm.runtime.operation.PvmAtomicOperationCreateScope.execute(PvmAtomicOperationCreateScope.java:54)
	at org.camunda.bpm.engine.impl.pvm.runtime.operation.PvmAtomicOperationCreateScope.execute(PvmAtomicOperationCreateScope.java:28)
	at org.camunda.bpm.engine.impl.interceptor.AtomicOperationInvocation.execute(AtomicOperationInvocation.java:96)
	at org.camunda.bpm.engine.impl.interceptor.CommandInvocationContext.invokeNext(CommandInvocationContext.java:128)
	at org.camunda.bpm.engine.impl.interceptor.CommandInvocationContext.performNext(CommandInvocationContext.java:115)
	at org.camunda.bpm.engine.impl.interceptor.CommandInvocationContext.performOperation(CommandInvocationContext.java:83)
	at org.camunda.bpm.engine.impl.persistence.entity.ExecutionEntity.performOperation(ExecutionEntity.java:640)
	at org.camunda.bpm.engine.impl.persistence.entity.ExecutionEntity.startWithFormProperties(ExecutionEntity.java:499)
	at org.camunda.bpm.engine.impl.cmd.SubmitStartFormCmd.execute(SubmitStartFormCmd.java:85)
	at org.camunda.bpm.engine.impl.cmd.SubmitStartFormCmd.execute(SubmitStartFormCmd.java:43)
	at org.camunda.bpm.engine.impl.interceptor.CommandExecutorImpl.execute(CommandExecutorImpl.java:28)
	at org.camunda.bpm.engine.impl.interceptor.CommandContextInterceptor.execute(CommandContextInterceptor.java:107)
	at org.camunda.bpm.engine.impl.interceptor.ProcessApplicationContextInterceptor.execute(ProcessApplicationContextInterceptor.java:70)
	at org.camunda.bpm.engine.impl.interceptor.LogInterceptor.execute(LogInterceptor.java:33)
	at org.camunda.bpm.engine.impl.FormServiceImpl.submitStartForm(FormServiceImpl.java:79)
	at org.camunda.bpm.engine.rest.sub.repository.impl.ProcessDefinitionResourceImpl.submitForm(ProcessDefinitionResourceImpl.java:188)
	... 59 more
Caused by: org.camunda.bpm.engine.impl.javax.el.PropertyNotFoundException: Cannot resolve identifier 'status'
	at org.camunda.bpm.engine.impl.juel.AstIdentifier.eval(AstIdentifier.java:83)
	at org.camunda.bpm.engine.impl.juel.AstBinary$SimpleOperator.eval(AstBinary.java:27)
	at org.camunda.bpm.engine.impl.juel.AstBinary.eval(AstBinary.java:106)
	at org.camunda.bpm.engine.impl.juel.AstEval.eval(AstEval.java:50)
	at org.camunda.bpm.engine.impl.juel.AstNode.getValue(AstNode.java:26)
	at org.camunda.bpm.engine.impl.juel.TreeValueExpression.getValue(TreeValueExpression.java:114)
	at org.camunda.bpm.engine.impl.delegate.ExpressionGetInvocation.invoke(ExpressionGetInvocation.java:40)
	at org.camunda.bpm.engine.impl.delegate.DelegateInvocation.proceed(DelegateInvocation.java:58)
	at org.camunda.bpm.engine.impl.delegate.DefaultDelegateInterceptor.handleInvocationInContext(DefaultDelegateInterceptor.java:92)
	at org.camunda.bpm.engine.impl.delegate.DefaultDelegateInterceptor.handleInvocation(DefaultDelegateInterceptor.java:63)
	at org.camunda.bpm.engine.impl.el.JuelExpression.getValue(JuelExpression.java:60)
	... 143 more

06-Aug-2019 15:08:29.904 WARNING [http-nio-8080-exec-1] org.camunda.bpm.engine.rest.exception.RestExceptionHandler.toResponse org.camunda.bpm.engine.rest.exception.InvalidRequestException: No matching task with id 7fb134ac-b88d-11e9-bd41-3e73f020d330
	at org.camunda.bpm.engine.rest.sub.task.impl.TaskResourceImpl.getHalTask(TaskResourceImpl.java:198)
	at org.camunda.bpm.engine.rest.sub.task.impl.TaskResourceImpl.getTask(TaskResourceImpl.java:180)
	at jdk.internal.reflect.GeneratedMethodAccessor586.invoke(Unknown Source)
	at java.base/jdk.internal.reflect.DelegatingMethodAccessorImpl.invoke(DelegatingMethodAccessorImpl.java:43)
	at java.base/java.lang.reflect.Method.invoke(Method.java:567)
	at org.jboss.resteasy.core.MethodInjectorImpl.invoke(MethodInjectorImpl.java:167)
	at org.jboss.resteasy.core.ResourceMethod.invokeOnTarget(ResourceMethod.java:257)
	at org.jboss.resteasy.core.ResourceMethod.invoke(ResourceMethod.java:222)
	at org.jboss.resteasy.core.ResourceLocator.invokeOnTargetObject(ResourceLocator.java:159)
	at org.jboss.resteasy.core.ResourceLocator.invoke(ResourceLocator.java:107)
	at org.jboss.resteasy.core.ResourceLocator.invokeOnTargetObject(ResourceLocator.java:154)
	at org.jboss.resteasy.core.ResourceLocator.invoke(ResourceLocator.java:92)
	at org.jboss.resteasy.core.SynchronousDispatcher.getResponse(SynchronousDispatcher.java:542)
	at org.jboss.resteasy.core.SynchronousDispatcher.invoke(SynchronousDispatcher.java:524)
	at org.jboss.resteasy.core.SynchronousDispatcher.invoke(SynchronousDispatcher.java:126)
	at org.jboss.resteasy.plugins.server.servlet.ServletContainerDispatcher.service(ServletContainerDispatcher.java:208)
	at org.jboss.resteasy.plugins.server.servlet.HttpServletDispatcher.service(HttpServletDispatcher.java:55)
	at org.jboss.resteasy.plugins.server.servlet.HttpServletDispatcher.service(HttpServletDispatcher.java:50)
	at javax.servlet.http.HttpServlet.service(HttpServlet.java:741)
	at org.apache.catalina.core.ApplicationFilterChain.internalDoFilter(ApplicationFilterChain.java:231)
	at org.apache.catalina.core.ApplicationFilterChain.doFilter(ApplicationFilterChain.java:166)
	at org.apache.tomcat.websocket.server.WsFilter.doFilter(WsFilter.java:53)
	at org.apache.catalina.core.ApplicationFilterChain.internalDoFilter(ApplicationFilterChain.java:193)
	at org.apache.catalina.core.ApplicationFilterChain.doFilter(ApplicationFilterChain.java:166)
	at org.camunda.bpm.engine.rest.filter.CacheControlFilter.doFilter(CacheControlFilter.java:45)
	at org.apache.catalina.core.ApplicationFilterChain.internalDoFilter(ApplicationFilterChain.java:193)
	at org.apache.catalina.core.ApplicationFilterChain.doFilter(ApplicationFilterChain.java:166)
	at org.camunda.bpm.engine.rest.filter.EmptyBodyFilter.doFilter(EmptyBodyFilter.java:101)
	at org.apache.catalina.core.ApplicationFilterChain.internalDoFilter(ApplicationFilterChain.java:193)
	at org.apache.catalina.core.ApplicationFilterChain.doFilter(ApplicationFilterChain.java:166)
	at org.camunda.bpm.webapp.impl.security.filter.CsrfPreventionFilter.doFilter(CsrfPreventionFilter.java:165)
	at org.apache.catalina.core.ApplicationFilterChain.internalDoFilter(ApplicationFilterChain.java:193)
	at org.apache.catalina.core.ApplicationFilterChain.doFilter(ApplicationFilterChain.java:166)
	at org.camunda.bpm.webapp.impl.security.filter.SecurityFilter.doFilterSecure(SecurityFilter.java:71)
	at org.camunda.bpm.webapp.impl.security.filter.SecurityFilter.doFilter(SecurityFilter.java:55)
	at org.apache.catalina.core.ApplicationFilterChain.internalDoFilter(ApplicationFilterChain.java:193)
	at org.apache.catalina.core.ApplicationFilterChain.doFilter(ApplicationFilterChain.java:166)
	at org.camunda.bpm.webapp.impl.security.auth.AuthenticationFilter$1.execute(AuthenticationFilter.java:62)
	at org.camunda.bpm.webapp.impl.security.auth.AuthenticationFilter$1.execute(AuthenticationFilter.java:60)
	at org.camunda.bpm.webapp.impl.security.SecurityActions.runWithAuthentications(SecurityActions.java:44)
	at org.camunda.bpm.webapp.impl.security.auth.AuthenticationFilter.doFilter(AuthenticationFilter.java:60)
	at org.apache.catalina.core.ApplicationFilterChain.internalDoFilter(ApplicationFilterChain.java:193)
	at org.apache.catalina.core.ApplicationFilterChain.doFilter(ApplicationFilterChain.java:166)
	at org.apache.catalina.core.StandardWrapperValve.invoke(StandardWrapperValve.java:200)
	at org.apache.catalina.core.StandardContextValve.invoke(StandardContextValve.java:96)
	at org.apache.catalina.authenticator.AuthenticatorBase.invoke(AuthenticatorBase.java:490)
	at org.apache.catalina.core.StandardHostValve.invoke(StandardHostValve.java:139)
	at org.apache.catalina.valves.ErrorReportValve.invoke(ErrorReportValve.java:92)
	at org.apache.catalina.valves.AbstractAccessLogValve.invoke(AbstractAccessLogValve.java:678)
	at org.apache.catalina.core.StandardEngineValve.invoke(StandardEngineValve.java:74)
	at org.apache.catalina.connector.CoyoteAdapter.service(CoyoteAdapter.java:343)
	at org.apache.coyote.http11.Http11Processor.service(Http11Processor.java:408)
	at org.apache.coyote.AbstractProcessorLight.process(AbstractProcessorLight.java:66)
	at org.apache.coyote.AbstractProtocol$ConnectionHandler.process(AbstractProtocol.java:836)
	at org.apache.tomcat.util.net.NioEndpoint$SocketProcessor.doRun(NioEndpoint.java:1747)
	at org.apache.tomcat.util.net.SocketProcessorBase.run(SocketProcessorBase.java:49)
	at java.base/java.util.concurrent.ThreadPoolExecutor.runWorker(ThreadPoolExecutor.java:1128)
	at java.base/java.util.concurrent.ThreadPoolExecutor$Worker.run(ThreadPoolExecutor.java:628)
	at org.apache.tomcat.util.threads.TaskThread$WrappingRunnable.run(TaskThread.java:61)
	at java.base/java.lang.Thread.run(Thread.java:835)

06-Aug-2019 15:08:33.396 WARNING [http-nio-8080-exec-10] org.camunda.bpm.engine.rest.exception.RestExceptionHandler.toResponse org.camunda.bpm.engine.rest.exception.InvalidRequestException: No matching task with id 7fb134ac-b88d-11e9-bd41-3e73f020d330
	at org.camunda.bpm.engine.rest.sub.task.impl.TaskResourceImpl.getHalTask(TaskResourceImpl.java:198)
	at org.camunda.bpm.engine.rest.sub.task.impl.TaskResourceImpl.getTask(TaskResourceImpl.java:180)
	at jdk.internal.reflect.GeneratedMethodAccessor586.invoke(Unknown Source)
	at java.base/jdk.internal.reflect.DelegatingMethodAccessorImpl.invoke(DelegatingMethodAccessorImpl.java:43)
	at java.base/java.lang.reflect.Method.invoke(Method.java:567)
	at org.jboss.resteasy.core.MethodInjectorImpl.invoke(MethodInjectorImpl.java:167)
	at org.jboss.resteasy.core.ResourceMethod.invokeOnTarget(ResourceMethod.java:257)
	at org.jboss.resteasy.core.ResourceMethod.invoke(ResourceMethod.java:222)
	at org.jboss.resteasy.core.ResourceLocator.invokeOnTargetObject(ResourceLocator.java:159)
	at org.jboss.resteasy.core.ResourceLocator.invoke(ResourceLocator.java:107)
	at org.jboss.resteasy.core.ResourceLocator.invokeOnTargetObject(ResourceLocator.java:154)
	at org.jboss.resteasy.core.ResourceLocator.invoke(ResourceLocator.java:92)
	at org.jboss.resteasy.core.SynchronousDispatcher.getResponse(SynchronousDispatcher.java:542)
	at org.jboss.resteasy.core.SynchronousDispatcher.invoke(SynchronousDispatcher.java:524)
	at org.jboss.resteasy.core.SynchronousDispatcher.invoke(SynchronousDispatcher.java:126)
	at org.jboss.resteasy.plugins.server.servlet.ServletContainerDispatcher.service(ServletContainerDispatcher.java:208)
	at org.jboss.resteasy.plugins.server.servlet.HttpServletDispatcher.service(HttpServletDispatcher.java:55)
	at org.jboss.resteasy.plugins.server.servlet.HttpServletDispatcher.service(HttpServletDispatcher.java:50)
	at javax.servlet.http.HttpServlet.service(HttpServlet.java:741)
	at org.apache.catalina.core.ApplicationFilterChain.internalDoFilter(ApplicationFilterChain.java:231)
	at org.apache.catalina.core.ApplicationFilterChain.doFilter(ApplicationFilterChain.java:166)
	at org.apache.tomcat.websocket.server.WsFilter.doFilter(WsFilter.java:53)
	at org.apache.catalina.core.ApplicationFilterChain.internalDoFilter(ApplicationFilterChain.java:193)
	at org.apache.catalina.core.ApplicationFilterChain.doFilter(ApplicationFilterChain.java:166)
	at org.camunda.bpm.engine.rest.filter.CacheControlFilter.doFilter(CacheControlFilter.java:45)
	at org.apache.catalina.core.ApplicationFilterChain.internalDoFilter(ApplicationFilterChain.java:193)
	at org.apache.catalina.core.ApplicationFilterChain.doFilter(ApplicationFilterChain.java:166)
	at org.camunda.bpm.engine.rest.filter.EmptyBodyFilter.doFilter(EmptyBodyFilter.java:101)
	at org.apache.catalina.core.ApplicationFilterChain.internalDoFilter(ApplicationFilterChain.java:193)
	at org.apache.catalina.core.ApplicationFilterChain.doFilter(ApplicationFilterChain.java:166)
	at org.camunda.bpm.webapp.impl.security.filter.CsrfPreventionFilter.doFilter(CsrfPreventionFilter.java:165)
	at org.apache.catalina.core.ApplicationFilterChain.internalDoFilter(ApplicationFilterChain.java:193)
	at org.apache.catalina.core.ApplicationFilterChain.doFilter(ApplicationFilterChain.java:166)
	at org.camunda.bpm.webapp.impl.security.filter.SecurityFilter.doFilterSecure(SecurityFilter.java:71)
	at org.camunda.bpm.webapp.impl.security.filter.SecurityFilter.doFilter(SecurityFilter.java:55)
	at org.apache.catalina.core.ApplicationFilterChain.internalDoFilter(ApplicationFilterChain.java:193)
	at org.apache.catalina.core.ApplicationFilterChain.doFilter(ApplicationFilterChain.java:166)
	at org.camunda.bpm.webapp.impl.security.auth.AuthenticationFilter$1.execute(AuthenticationFilter.java:62)
	at org.camunda.bpm.webapp.impl.security.auth.AuthenticationFilter$1.execute(AuthenticationFilter.java:60)
	at org.camunda.bpm.webapp.impl.security.SecurityActions.runWithAuthentications(SecurityActions.java:44)
	at org.camunda.bpm.webapp.impl.security.auth.AuthenticationFilter.doFilter(AuthenticationFilter.java:60)
	at org.apache.catalina.core.ApplicationFilterChain.internalDoFilter(ApplicationFilterChain.java:193)
	at org.apache.catalina.core.ApplicationFilterChain.doFilter(ApplicationFilterChain.java:166)
	at org.apache.catalina.core.StandardWrapperValve.invoke(StandardWrapperValve.java:200)
	at org.apache.catalina.core.StandardContextValve.invoke(StandardContextValve.java:96)
	at org.apache.catalina.authenticator.AuthenticatorBase.invoke(AuthenticatorBase.java:490)
	at org.apache.catalina.core.StandardHostValve.invoke(StandardHostValve.java:139)
	at org.apache.catalina.valves.ErrorReportValve.invoke(ErrorReportValve.java:92)
	at org.apache.catalina.valves.AbstractAccessLogValve.invoke(AbstractAccessLogValve.java:678)
	at org.apache.catalina.core.StandardEngineValve.invoke(StandardEngineValve.java:74)
	at org.apache.catalina.connector.CoyoteAdapter.service(CoyoteAdapter.java:343)
	at org.apache.coyote.http11.Http11Processor.service(Http11Processor.java:408)
	at org.apache.coyote.AbstractProcessorLight.process(AbstractProcessorLight.java:66)
	at org.apache.coyote.AbstractProtocol$ConnectionHandler.process(AbstractProtocol.java:836)
	at org.apache.tomcat.util.net.NioEndpoint$SocketProcessor.doRun(NioEndpoint.java:1747)
	at org.apache.tomcat.util.net.SocketProcessorBase.run(SocketProcessorBase.java:49)
	at java.base/java.util.concurrent.ThreadPoolExecutor.runWorker(ThreadPoolExecutor.java:1128)
	at java.base/java.util.concurrent.ThreadPoolExecutor$Worker.run(ThreadPoolExecutor.java:628)
	at org.apache.tomcat.util.threads.TaskThread$WrappingRunnable.run(TaskThread.java:61)
	at java.base/java.lang.Thread.run(Thread.java:835)

06-Aug-2019 16:25:58.072 INFO [main] org.apache.catalina.core.StandardServer.await A valid shutdown command was received via the shutdown port. Stopping the Server instance.
06-Aug-2019 16:25:58.073 INFO [main] org.camunda.commons.logging.BaseLogger.logInfo ENGINE-14015 Shutting down the JobExecutor[org.camunda.bpm.engine.impl.jobexecutor.RuntimeContainerJobExecutor]
06-Aug-2019 16:25:58.073 INFO [Thread-5] org.camunda.commons.logging.BaseLogger.logInfo ENGINE-14020 JobExecutor[org.camunda.bpm.engine.impl.jobexecutor.RuntimeContainerJobExecutor] stopped job acquisition
06-Aug-2019 16:25:58.080 INFO [main] org.camunda.commons.logging.BaseLogger.logInfo ENGINE-08051 Process application camunda-invoice undeployed
06-Aug-2019 16:25:58.081 INFO [main] org.camunda.commons.logging.BaseLogger.logInfo ENGINE-00007 Process Engine default closed
06-Aug-2019 16:25:58.081 INFO [main] org.camunda.commons.logging.BaseLogger.logInfo ENGINE-08049 Camunda BPM platform stopped at 'Apache Tomcat/9.0.19'
06-Aug-2019 16:25:58.082 INFO [main] org.apache.coyote.AbstractProtocol.pause Pausing ProtocolHandler ["http-nio-8080"]
06-Aug-2019 16:25:58.090 INFO [main] org.apache.coyote.AbstractProtocol.pause Pausing ProtocolHandler ["ajp-nio-8009"]
06-Aug-2019 16:25:58.097 INFO [main] org.apache.catalina.core.StandardService.stopInternal Stopping service [Catalina]
06-Aug-2019 16:25:58.118 WARNING [main] org.camunda.commons.logging.BaseLogger.logWarn ENGINE-07017 Calling undeploy() on process application that is not deployed.
06-Aug-2019 16:25:58.148 INFO [main] org.apache.coyote.AbstractProtocol.stop Stopping ProtocolHandler ["http-nio-8080"]
06-Aug-2019 16:25:58.151 INFO [main] org.apache.coyote.AbstractProtocol.stop Stopping ProtocolHandler ["ajp-nio-8009"]
06-Aug-2019 16:25:58.153 INFO [main] org.apache.coyote.AbstractProtocol.destroy Destroying ProtocolHandler ["http-nio-8080"]
06-Aug-2019 16:25:58.153 INFO [main] org.apache.coyote.AbstractProtocol.destroy Destroying ProtocolHandler ["ajp-nio-8009"]
