24-Jul-2019 14:47:39.771 INFO [main] org.apache.catalina.startup.VersionLoggerListener.log Server version name:   Apache Tomcat/9.0.19
24-Jul-2019 14:47:39.774 INFO [main] org.apache.catalina.startup.VersionLoggerListener.log Server built:          Apr 12 2019 14:22:48 UTC
24-Jul-2019 14:47:39.774 INFO [main] org.apache.catalina.startup.VersionLoggerListener.log Server version number: 9.0.19.0
24-Jul-2019 14:47:39.774 INFO [main] org.apache.catalina.startup.VersionLoggerListener.log OS Name:               Mac OS X
24-Jul-2019 14:47:39.775 INFO [main] org.apache.catalina.startup.VersionLoggerListener.log OS Version:            10.14.5
24-Jul-2019 14:47:39.775 INFO [main] org.apache.catalina.startup.VersionLoggerListener.log Architecture:          x86_64
24-Jul-2019 14:47:39.775 INFO [main] org.apache.catalina.startup.VersionLoggerListener.log Java Home:             /Library/Java/JavaVirtualMachines/jdk-12.0.2.jdk/Contents/Home
24-Jul-2019 14:47:39.775 INFO [main] org.apache.catalina.startup.VersionLoggerListener.log JVM Version:           12.0.2+10
24-Jul-2019 14:47:39.775 INFO [main] org.apache.catalina.startup.VersionLoggerListener.log JVM Vendor:            Oracle Corporation
24-Jul-2019 14:47:39.775 INFO [main] org.apache.catalina.startup.VersionLoggerListener.log CATALINA_BASE:         /Users/a644000/Camunda/home/server/apache-tomcat-9.0.19
24-Jul-2019 14:47:39.775 INFO [main] org.apache.catalina.startup.VersionLoggerListener.log CATALINA_HOME:         /Users/a644000/Camunda/home/server/apache-tomcat-9.0.19
24-Jul-2019 14:47:39.777 INFO [main] org.apache.catalina.startup.VersionLoggerListener.log Command line argument: --add-opens=java.base/java.lang=ALL-UNNAMED
24-Jul-2019 14:47:39.777 INFO [main] org.apache.catalina.startup.VersionLoggerListener.log Command line argument: --add-opens=java.base/java.io=ALL-UNNAMED
24-Jul-2019 14:47:39.777 INFO [main] org.apache.catalina.startup.VersionLoggerListener.log Command line argument: --add-opens=java.rmi/sun.rmi.transport=ALL-UNNAMED
24-Jul-2019 14:47:39.777 INFO [main] org.apache.catalina.startup.VersionLoggerListener.log Command line argument: -Djava.util.logging.config.file=./server/apache-tomcat-9.0.19/conf/logging.properties
24-Jul-2019 14:47:39.778 INFO [main] org.apache.catalina.startup.VersionLoggerListener.log Command line argument: -Djava.util.logging.manager=org.apache.juli.ClassLoaderLogManager
24-Jul-2019 14:47:39.778 INFO [main] org.apache.catalina.startup.VersionLoggerListener.log Command line argument: -Djdk.tls.ephemeralDHKeySize=2048
24-Jul-2019 14:47:39.778 INFO [main] org.apache.catalina.startup.VersionLoggerListener.log Command line argument: -Djava.protocol.handler.pkgs=org.apache.catalina.webresources
24-Jul-2019 14:47:39.778 INFO [main] org.apache.catalina.startup.VersionLoggerListener.log Command line argument: -Dorg.apache.catalina.security.SecurityListener.UMASK=0027
24-Jul-2019 14:47:39.778 INFO [main] org.apache.catalina.startup.VersionLoggerListener.log Command line argument: -Xmx512m
24-Jul-2019 14:47:39.778 INFO [main] org.apache.catalina.startup.VersionLoggerListener.log Command line argument: -XX:MaxPermSize=256m
24-Jul-2019 14:47:39.778 INFO [main] org.apache.catalina.startup.VersionLoggerListener.log Command line argument: -XX:PermSize=256m
24-Jul-2019 14:47:39.778 INFO [main] org.apache.catalina.startup.VersionLoggerListener.log Command line argument: -Dignore.endorsed.dirs=
24-Jul-2019 14:47:39.779 INFO [main] org.apache.catalina.startup.VersionLoggerListener.log Command line argument: -Dcatalina.base=./server/apache-tomcat-9.0.19
24-Jul-2019 14:47:39.779 INFO [main] org.apache.catalina.startup.VersionLoggerListener.log Command line argument: -Dcatalina.home=./server/apache-tomcat-9.0.19
24-Jul-2019 14:47:39.779 INFO [main] org.apache.catalina.startup.VersionLoggerListener.log Command line argument: -Djava.io.tmpdir=./server/apache-tomcat-9.0.19/temp
24-Jul-2019 14:47:39.779 INFO [main] org.apache.catalina.core.AprLifecycleListener.lifecycleEvent The APR based Apache Tomcat Native library which allows optimal performance in production environments was not found on the java.library.path: [/Users/a644000/Library/Java/Extensions:/Library/Java/Extensions:/Network/Library/Java/Extensions:/System/Library/Java/Extensions:/usr/lib/java:.]
24-Jul-2019 14:47:39.837 INFO [main] org.apache.coyote.AbstractProtocol.init Initializing ProtocolHandler ["http-nio-8080"]
24-Jul-2019 14:47:39.889 INFO [main] org.apache.coyote.AbstractProtocol.init Initializing ProtocolHandler ["ajp-nio-8009"]
24-Jul-2019 14:47:39.891 INFO [main] org.apache.catalina.startup.Catalina.load Server initialization in [567] milliseconds
24-Jul-2019 14:47:40.185 INFO [main] org.camunda.commons.logging.BaseLogger.logInfo ENGINE-08046 Found camunda bpm platform configuration in CATALINA_BASE/CATALINA_HOME conf directory [/Users/a644000/Camunda/home/server/apache-tomcat-9.0.19/conf/bpm-platform.xml] at 'file:/Users/a644000/Camunda/home/server/apache-tomcat-9.0.19/conf/bpm-platform.xml'
24-Jul-2019 14:47:40.370 INFO [main] org.camunda.commons.logging.BaseLogger.logInfo ENGINE-12003 Plugin 'ProcessApplicationEventListenerPlugin' activated on process engine 'default'
24-Jul-2019 14:47:40.374 INFO [main] org.camunda.commons.logging.BaseLogger.logInfo ENGINE-12003 Plugin 'SpinProcessEnginePlugin' activated on process engine 'default'
24-Jul-2019 14:47:40.377 INFO [main] org.camunda.commons.logging.BaseLogger.logInfo SPIN-01010 Discovered Spin data format provider: org.camunda.spin.impl.json.jackson.format.JacksonJsonDataFormatProvider[name = application/json]
24-Jul-2019 14:47:40.492 INFO [main] org.camunda.commons.logging.BaseLogger.logInfo SPIN-01010 Discovered Spin data format provider: org.camunda.spin.impl.xml.dom.format.DomXmlDataFormatProvider[name = application/xml]
24-Jul-2019 14:47:40.503 INFO [main] org.camunda.commons.logging.BaseLogger.logInfo SPIN-01009 Discovered Spin data format: org.camunda.spin.impl.xml.dom.format.DomXmlDataFormat[name = application/xml]
24-Jul-2019 14:47:40.503 INFO [main] org.camunda.commons.logging.BaseLogger.logInfo SPIN-01009 Discovered Spin data format: org.camunda.spin.impl.json.jackson.format.JacksonJsonDataFormat[name = application/json]
24-Jul-2019 14:47:40.503 INFO [main] org.camunda.commons.logging.BaseLogger.logInfo ENGINE-12003 Plugin 'ConnectProcessEnginePlugin' activated on process engine 'default'
24-Jul-2019 14:47:40.786 INFO [main] org.camunda.commons.logging.BaseLogger.logInfo CNCT-01004 Discovered provider for connector id 'http-connector' and class 'org.camunda.connect.httpclient.impl.HttpConnectorImpl': 'org.camunda.connect.httpclient.impl.HttpConnectorProviderImpl'
24-Jul-2019 14:47:40.788 INFO [main] org.camunda.commons.logging.BaseLogger.logInfo CNCT-01004 Discovered provider for connector id 'soap-http-connector' and class 'org.camunda.connect.httpclient.soap.impl.SoapHttpConnectorImpl': 'org.camunda.connect.httpclient.soap.impl.SoapHttpConnectorProviderImpl'
24-Jul-2019 14:47:43.006 INFO [main] org.camunda.commons.logging.BaseLogger.logInfo ENGINE-00001 Process Engine default created.
24-Jul-2019 14:47:43.007 INFO [main] org.camunda.commons.logging.BaseLogger.logInfo ENGINE-14014 Starting up the JobExecutor[org.camunda.bpm.engine.impl.jobexecutor.RuntimeContainerJobExecutor].
24-Jul-2019 14:47:43.009 INFO [Thread-5] org.camunda.commons.logging.BaseLogger.logInfo ENGINE-14018 JobExecutor[org.camunda.bpm.engine.impl.jobexecutor.RuntimeContainerJobExecutor] starting to acquire jobs
24-Jul-2019 14:47:43.017 INFO [main] org.camunda.commons.logging.BaseLogger.logInfo ENGINE-08048 Camunda BPM platform sucessfully started at 'Apache Tomcat/9.0.19'.
24-Jul-2019 14:47:43.045 INFO [main] org.apache.catalina.core.StandardService.startInternal Starting service [Catalina]
24-Jul-2019 14:47:43.046 INFO [main] org.apache.catalina.core.StandardEngine.startInternal Starting Servlet engine: [Apache Tomcat/9.0.19]
24-Jul-2019 14:47:43.060 INFO [main] org.apache.catalina.startup.HostConfig.deployDirectory Deploying web application directory [/Users/a644000/Camunda/home/server/apache-tomcat-9.0.19/webapps/camunda-welcome]
24-Jul-2019 14:47:45.102 INFO [main] org.apache.jasper.servlet.TldScanner.scanJars At least one JAR was scanned for TLDs yet contained no TLDs. Enable debug logging for this logger for a complete list of JARs that were scanned but no TLDs were found in them. Skipping unneeded JARs during scanning can improve startup time and JSP compilation time.
24-Jul-2019 14:47:45.123 INFO [main] org.apache.catalina.startup.HostConfig.deployDirectory Deployment of web application directory [/Users/a644000/Camunda/home/server/apache-tomcat-9.0.19/webapps/camunda-welcome] has finished in [2,063] ms
24-Jul-2019 14:47:45.123 INFO [main] org.apache.catalina.startup.HostConfig.deployDirectory Deploying web application directory [/Users/a644000/Camunda/home/server/apache-tomcat-9.0.19/webapps/engine-rest]
24-Jul-2019 14:47:46.815 INFO [main] org.apache.jasper.servlet.TldScanner.scanJars At least one JAR was scanned for TLDs yet contained no TLDs. Enable debug logging for this logger for a complete list of JARs that were scanned but no TLDs were found in them. Skipping unneeded JARs during scanning can improve startup time and JSP compilation time.
24-Jul-2019 14:47:46.955 INFO [main] org.apache.catalina.startup.HostConfig.deployDirectory Deployment of web application directory [/Users/a644000/Camunda/home/server/apache-tomcat-9.0.19/webapps/engine-rest] has finished in [1,832] ms
24-Jul-2019 14:47:46.956 INFO [main] org.apache.catalina.startup.HostConfig.deployDirectory Deploying web application directory [/Users/a644000/Camunda/home/server/apache-tomcat-9.0.19/webapps/h2]
24-Jul-2019 14:47:48.273 INFO [main] org.apache.jasper.servlet.TldScanner.scanJars At least one JAR was scanned for TLDs yet contained no TLDs. Enable debug logging for this logger for a complete list of JARs that were scanned but no TLDs were found in them. Skipping unneeded JARs during scanning can improve startup time and JSP compilation time.
24-Jul-2019 14:47:48.277 INFO [main] org.apache.catalina.startup.HostConfig.deployDirectory Deployment of web application directory [/Users/a644000/Camunda/home/server/apache-tomcat-9.0.19/webapps/h2] has finished in [1,321] ms
24-Jul-2019 14:47:48.277 INFO [main] org.apache.catalina.startup.HostConfig.deployDirectory Deploying web application directory [/Users/a644000/Camunda/home/server/apache-tomcat-9.0.19/webapps/camunda]
24-Jul-2019 14:47:51.295 INFO [main] org.apache.jasper.servlet.TldScanner.scanJars At least one JAR was scanned for TLDs yet contained no TLDs. Enable debug logging for this logger for a complete list of JARs that were scanned but no TLDs were found in them. Skipping unneeded JARs during scanning can improve startup time and JSP compilation time.
24-Jul-2019 14:47:51.577 INFO [main] org.apache.catalina.startup.HostConfig.deployDirectory Deployment of web application directory [/Users/a644000/Camunda/home/server/apache-tomcat-9.0.19/webapps/camunda] has finished in [3,299] ms
24-Jul-2019 14:47:51.577 INFO [main] org.apache.catalina.startup.HostConfig.deployDirectory Deploying web application directory [/Users/a644000/Camunda/home/server/apache-tomcat-9.0.19/webapps/docs]
24-Jul-2019 14:47:52.796 INFO [main] org.apache.jasper.servlet.TldScanner.scanJars At least one JAR was scanned for TLDs yet contained no TLDs. Enable debug logging for this logger for a complete list of JARs that were scanned but no TLDs were found in them. Skipping unneeded JARs during scanning can improve startup time and JSP compilation time.
24-Jul-2019 14:47:52.797 INFO [main] org.apache.catalina.startup.HostConfig.deployDirectory Deployment of web application directory [/Users/a644000/Camunda/home/server/apache-tomcat-9.0.19/webapps/docs] has finished in [1,220] ms
24-Jul-2019 14:47:52.797 INFO [main] org.apache.catalina.startup.HostConfig.deployDirectory Deploying web application directory [/Users/a644000/Camunda/home/server/apache-tomcat-9.0.19/webapps/manager]
24-Jul-2019 14:47:54.029 INFO [main] org.apache.jasper.servlet.TldScanner.scanJars At least one JAR was scanned for TLDs yet contained no TLDs. Enable debug logging for this logger for a complete list of JARs that were scanned but no TLDs were found in them. Skipping unneeded JARs during scanning can improve startup time and JSP compilation time.
24-Jul-2019 14:47:54.032 INFO [main] org.apache.catalina.startup.HostConfig.deployDirectory Deployment of web application directory [/Users/a644000/Camunda/home/server/apache-tomcat-9.0.19/webapps/manager] has finished in [1,235] ms
24-Jul-2019 14:47:54.032 INFO [main] org.apache.catalina.startup.HostConfig.deployDirectory Deploying web application directory [/Users/a644000/Camunda/home/server/apache-tomcat-9.0.19/webapps/camunda-invoice]
24-Jul-2019 14:47:55.278 INFO [main] org.apache.jasper.servlet.TldScanner.scanJars At least one JAR was scanned for TLDs yet contained no TLDs. Enable debug logging for this logger for a complete list of JARs that were scanned but no TLDs were found in them. Skipping unneeded JARs during scanning can improve startup time and JSP compilation time.
24-Jul-2019 14:47:55.278 INFO [main] org.camunda.commons.logging.BaseLogger.logInfo ENGINE-07015 Detected @ProcessApplication class 'org.camunda.bpm.example.invoice.InvoiceProcessApplication'
24-Jul-2019 14:47:55.284 INFO [main] org.camunda.commons.logging.BaseLogger.logInfo ENGINE-08024 Found processes.xml file at file:/Users/a644000/Camunda/home/server/apache-tomcat-9.0.19/webapps/camunda-invoice/WEB-INF/classes/META-INF/processes.xml
24-Jul-2019 14:47:55.318 INFO [main] org.camunda.commons.logging.BaseLogger.logInfo ENGINE-08023 Deployment summary for process archive 'camunda-invoice': 

        invoiceBusinessDecisions.dmn
        invoice.v2.bpmn
        review-invoice.cmmn

24-Jul-2019 14:47:55.654 INFO [main] org.camunda.commons.logging.BaseLogger.logInfo ENGINE-07021 ProcessApplication 'camunda-invoice' registered for DB deployments [561d8e56-a8c2-11e9-9f3b-b6b67f9d3c8f, 55edcbbc-a8c2-11e9-9f3b-b6b67f9d3c8f]. Will execute process definitions 

        invoice[version: 2, id: invoice:2:562185fa-a8c2-11e9-9f3b-b6b67f9d3c8f]
        invoice[version: 1, id: invoice:1:55f93d70-a8c2-11e9-9f3b-b6b67f9d3c8f]

Will execute case definitions 

        ReviewInvoiceCase[version: 2, id: ReviewInvoiceCase:2:5624ba4c-a8c2-11e9-9f3b-b6b67f9d3c8f]
        ReviewInvoiceCase[version: 1, id: ReviewInvoiceCase:1:560e2502-a8c2-11e9-9f3b-b6b67f9d3c8f]

24-Jul-2019 14:47:55.658 INFO [main] org.camunda.commons.logging.BaseLogger.logInfo SPIN-01010 Discovered Spin data format provider: org.camunda.spin.impl.json.jackson.format.JacksonJsonDataFormatProvider[name = application/json]
24-Jul-2019 14:47:55.659 INFO [main] org.camunda.commons.logging.BaseLogger.logInfo SPIN-01010 Discovered Spin data format provider: org.camunda.spin.impl.xml.dom.format.DomXmlDataFormatProvider[name = application/xml]
24-Jul-2019 14:47:55.660 INFO [main] org.camunda.commons.logging.BaseLogger.logInfo SPIN-01009 Discovered Spin data format: org.camunda.spin.impl.xml.dom.format.DomXmlDataFormat[name = application/xml]
24-Jul-2019 14:47:55.661 INFO [main] org.camunda.commons.logging.BaseLogger.logInfo SPIN-01009 Discovered Spin data format: org.camunda.spin.impl.json.jackson.format.JacksonJsonDataFormat[name = application/json]
24-Jul-2019 14:47:55.715 INFO [main] org.camunda.bpm.example.invoice.InvoiceProcessApplication.startProcessInstances No new instances of Invoice Receipt version 1 started, there are 3 instances running
24-Jul-2019 14:47:55.745 INFO [main] org.camunda.bpm.example.invoice.InvoiceProcessApplication.startProcessInstances No new instances of Invoice Receipt version 2 started, there are 3 instances running
24-Jul-2019 14:47:55.746 INFO [main] org.camunda.commons.logging.BaseLogger.logInfo ENGINE-08050 Process application camunda-invoice successfully deployed
24-Jul-2019 14:47:55.747 INFO [main] org.apache.catalina.startup.HostConfig.deployDirectory Deployment of web application directory [/Users/a644000/Camunda/home/server/apache-tomcat-9.0.19/webapps/camunda-invoice] has finished in [1,715] ms
24-Jul-2019 14:47:55.747 INFO [main] org.apache.catalina.startup.HostConfig.deployDirectory Deploying web application directory [/Users/a644000/Camunda/home/server/apache-tomcat-9.0.19/webapps/examples]
24-Jul-2019 14:47:57.793 INFO [main] org.apache.jasper.servlet.TldScanner.scanJars At least one JAR was scanned for TLDs yet contained no TLDs. Enable debug logging for this logger for a complete list of JARs that were scanned but no TLDs were found in them. Skipping unneeded JARs during scanning can improve startup time and JSP compilation time.
24-Jul-2019 14:47:57.804 INFO [main] org.apache.catalina.startup.HostConfig.deployDirectory Deployment of web application directory [/Users/a644000/Camunda/home/server/apache-tomcat-9.0.19/webapps/examples] has finished in [2,057] ms
24-Jul-2019 14:47:57.805 INFO [main] org.apache.catalina.startup.HostConfig.deployDirectory Deploying web application directory [/Users/a644000/Camunda/home/server/apache-tomcat-9.0.19/webapps/ROOT]
24-Jul-2019 14:47:59.038 INFO [main] org.apache.jasper.servlet.TldScanner.scanJars At least one JAR was scanned for TLDs yet contained no TLDs. Enable debug logging for this logger for a complete list of JARs that were scanned but no TLDs were found in them. Skipping unneeded JARs during scanning can improve startup time and JSP compilation time.
24-Jul-2019 14:47:59.039 INFO [main] org.apache.catalina.startup.HostConfig.deployDirectory Deployment of web application directory [/Users/a644000/Camunda/home/server/apache-tomcat-9.0.19/webapps/ROOT] has finished in [1,234] ms
24-Jul-2019 14:47:59.040 INFO [main] org.apache.catalina.startup.HostConfig.deployDirectory Deploying web application directory [/Users/a644000/Camunda/home/server/apache-tomcat-9.0.19/webapps/host-manager]
24-Jul-2019 14:48:00.281 INFO [main] org.apache.jasper.servlet.TldScanner.scanJars At least one JAR was scanned for TLDs yet contained no TLDs. Enable debug logging for this logger for a complete list of JARs that were scanned but no TLDs were found in them. Skipping unneeded JARs during scanning can improve startup time and JSP compilation time.
24-Jul-2019 14:48:00.283 INFO [main] org.apache.catalina.startup.HostConfig.deployDirectory Deployment of web application directory [/Users/a644000/Camunda/home/server/apache-tomcat-9.0.19/webapps/host-manager] has finished in [1,243] ms
24-Jul-2019 14:48:00.285 INFO [main] org.apache.coyote.AbstractProtocol.start Starting ProtocolHandler ["http-nio-8080"]
24-Jul-2019 14:48:00.289 INFO [main] org.apache.coyote.AbstractProtocol.start Starting ProtocolHandler ["ajp-nio-8009"]
24-Jul-2019 14:48:00.291 INFO [main] org.apache.catalina.startup.Catalina.start Server startup in [20,399] milliseconds
24-Jul-2019 14:48:31.126 INFO [main] org.apache.catalina.core.StandardServer.await A valid shutdown command was received via the shutdown port. Stopping the Server instance.
24-Jul-2019 14:48:31.128 INFO [main] org.camunda.commons.logging.BaseLogger.logInfo ENGINE-14015 Shutting down the JobExecutor[org.camunda.bpm.engine.impl.jobexecutor.RuntimeContainerJobExecutor]
24-Jul-2019 14:48:31.128 INFO [Thread-5] org.camunda.commons.logging.BaseLogger.logInfo ENGINE-14020 JobExecutor[org.camunda.bpm.engine.impl.jobexecutor.RuntimeContainerJobExecutor] stopped job acquisition
24-Jul-2019 14:48:31.140 INFO [main] org.camunda.commons.logging.BaseLogger.logInfo ENGINE-08051 Process application camunda-invoice undeployed
24-Jul-2019 14:48:31.149 INFO [main] org.camunda.commons.logging.BaseLogger.logInfo ENGINE-00007 Process Engine default closed
24-Jul-2019 14:48:31.149 INFO [main] org.camunda.commons.logging.BaseLogger.logInfo ENGINE-08049 Camunda BPM platform stopped at 'Apache Tomcat/9.0.19'
24-Jul-2019 14:48:31.149 INFO [main] org.apache.coyote.AbstractProtocol.pause Pausing ProtocolHandler ["http-nio-8080"]
24-Jul-2019 14:48:31.157 INFO [main] org.apache.coyote.AbstractProtocol.pause Pausing ProtocolHandler ["ajp-nio-8009"]
24-Jul-2019 14:48:31.165 INFO [main] org.apache.catalina.core.StandardService.stopInternal Stopping service [Catalina]
24-Jul-2019 14:48:31.180 WARNING [main] org.camunda.commons.logging.BaseLogger.logWarn ENGINE-07017 Calling undeploy() on process application that is not deployed.
24-Jul-2019 14:48:31.204 INFO [main] org.apache.coyote.AbstractProtocol.stop Stopping ProtocolHandler ["http-nio-8080"]
24-Jul-2019 14:48:31.208 INFO [main] org.apache.coyote.AbstractProtocol.stop Stopping ProtocolHandler ["ajp-nio-8009"]
24-Jul-2019 14:48:31.210 INFO [main] org.apache.coyote.AbstractProtocol.destroy Destroying ProtocolHandler ["http-nio-8080"]
24-Jul-2019 14:48:31.211 INFO [main] org.apache.coyote.AbstractProtocol.destroy Destroying ProtocolHandler ["ajp-nio-8009"]
