17-Jul-2019 12:40:09.314 INFO [main] org.apache.catalina.startup.VersionLoggerListener.log Server version name:   Apache Tomcat/9.0.19
17-Jul-2019 12:40:09.316 INFO [main] org.apache.catalina.startup.VersionLoggerListener.log Server built:          Apr 12 2019 14:22:48 UTC
17-Jul-2019 12:40:09.317 INFO [main] org.apache.catalina.startup.VersionLoggerListener.log Server version number: 9.0.19.0
17-Jul-2019 12:40:09.317 INFO [main] org.apache.catalina.startup.VersionLoggerListener.log OS Name:               Mac OS X
17-Jul-2019 12:40:09.317 INFO [main] org.apache.catalina.startup.VersionLoggerListener.log OS Version:            10.14.5
17-Jul-2019 12:40:09.317 INFO [main] org.apache.catalina.startup.VersionLoggerListener.log Architecture:          x86_64
17-Jul-2019 12:40:09.317 INFO [main] org.apache.catalina.startup.VersionLoggerListener.log Java Home:             /Library/Java/JavaVirtualMachines/jdk-12.0.2.jdk/Contents/Home
17-Jul-2019 12:40:09.317 INFO [main] org.apache.catalina.startup.VersionLoggerListener.log JVM Version:           12.0.2+10
17-Jul-2019 12:40:09.318 INFO [main] org.apache.catalina.startup.VersionLoggerListener.log JVM Vendor:            Oracle Corporation
17-Jul-2019 12:40:09.318 INFO [main] org.apache.catalina.startup.VersionLoggerListener.log CATALINA_BASE:         /Users/a644000/Camunda/home/server/apache-tomcat-9.0.19
17-Jul-2019 12:40:09.318 INFO [main] org.apache.catalina.startup.VersionLoggerListener.log CATALINA_HOME:         /Users/a644000/Camunda/home/server/apache-tomcat-9.0.19
17-Jul-2019 12:40:09.320 INFO [main] org.apache.catalina.startup.VersionLoggerListener.log Command line argument: --add-opens=java.base/java.lang=ALL-UNNAMED
17-Jul-2019 12:40:09.320 INFO [main] org.apache.catalina.startup.VersionLoggerListener.log Command line argument: --add-opens=java.base/java.io=ALL-UNNAMED
17-Jul-2019 12:40:09.320 INFO [main] org.apache.catalina.startup.VersionLoggerListener.log Command line argument: --add-opens=java.rmi/sun.rmi.transport=ALL-UNNAMED
17-Jul-2019 12:40:09.320 INFO [main] org.apache.catalina.startup.VersionLoggerListener.log Command line argument: -Djava.util.logging.config.file=./server/apache-tomcat-9.0.19/conf/logging.properties
17-Jul-2019 12:40:09.321 INFO [main] org.apache.catalina.startup.VersionLoggerListener.log Command line argument: -Djava.util.logging.manager=org.apache.juli.ClassLoaderLogManager
17-Jul-2019 12:40:09.321 INFO [main] org.apache.catalina.startup.VersionLoggerListener.log Command line argument: -Djdk.tls.ephemeralDHKeySize=2048
17-Jul-2019 12:40:09.321 INFO [main] org.apache.catalina.startup.VersionLoggerListener.log Command line argument: -Djava.protocol.handler.pkgs=org.apache.catalina.webresources
17-Jul-2019 12:40:09.321 INFO [main] org.apache.catalina.startup.VersionLoggerListener.log Command line argument: -Dorg.apache.catalina.security.SecurityListener.UMASK=0027
17-Jul-2019 12:40:09.321 INFO [main] org.apache.catalina.startup.VersionLoggerListener.log Command line argument: -Xmx512m
17-Jul-2019 12:40:09.321 INFO [main] org.apache.catalina.startup.VersionLoggerListener.log Command line argument: -XX:MaxPermSize=256m
17-Jul-2019 12:40:09.321 INFO [main] org.apache.catalina.startup.VersionLoggerListener.log Command line argument: -XX:PermSize=256m
17-Jul-2019 12:40:09.321 INFO [main] org.apache.catalina.startup.VersionLoggerListener.log Command line argument: -Dignore.endorsed.dirs=
17-Jul-2019 12:40:09.321 INFO [main] org.apache.catalina.startup.VersionLoggerListener.log Command line argument: -Dcatalina.base=./server/apache-tomcat-9.0.19
17-Jul-2019 12:40:09.321 INFO [main] org.apache.catalina.startup.VersionLoggerListener.log Command line argument: -Dcatalina.home=./server/apache-tomcat-9.0.19
17-Jul-2019 12:40:09.321 INFO [main] org.apache.catalina.startup.VersionLoggerListener.log Command line argument: -Djava.io.tmpdir=./server/apache-tomcat-9.0.19/temp
17-Jul-2019 12:40:09.322 INFO [main] org.apache.catalina.core.AprLifecycleListener.lifecycleEvent The APR based Apache Tomcat Native library which allows optimal performance in production environments was not found on the java.library.path: [/Users/a644000/Library/Java/Extensions:/Library/Java/Extensions:/Network/Library/Java/Extensions:/System/Library/Java/Extensions:/usr/lib/java:.]
17-Jul-2019 12:40:09.374 INFO [main] org.apache.coyote.AbstractProtocol.init Initializing ProtocolHandler ["http-nio-8080"]
17-Jul-2019 12:40:09.415 INFO [main] org.apache.coyote.AbstractProtocol.init Initializing ProtocolHandler ["ajp-nio-8009"]
17-Jul-2019 12:40:09.418 INFO [main] org.apache.catalina.startup.Catalina.load Server initialization in [543] milliseconds
17-Jul-2019 12:40:09.576 INFO [main] org.camunda.commons.logging.BaseLogger.logInfo ENGINE-08046 Found camunda bpm platform configuration in CATALINA_BASE/CATALINA_HOME conf directory [/Users/a644000/Camunda/home/server/apache-tomcat-9.0.19/conf/bpm-platform.xml] at 'file:/Users/a644000/Camunda/home/server/apache-tomcat-9.0.19/conf/bpm-platform.xml'
17-Jul-2019 12:40:09.732 INFO [main] org.camunda.commons.logging.BaseLogger.logInfo ENGINE-12003 Plugin 'ProcessApplicationEventListenerPlugin' activated on process engine 'default'
17-Jul-2019 12:40:09.737 INFO [main] org.camunda.commons.logging.BaseLogger.logInfo ENGINE-12003 Plugin 'SpinProcessEnginePlugin' activated on process engine 'default'
17-Jul-2019 12:40:09.740 INFO [main] org.camunda.commons.logging.BaseLogger.logInfo SPIN-01010 Discovered Spin data format provider: org.camunda.spin.impl.json.jackson.format.JacksonJsonDataFormatProvider[name = application/json]
17-Jul-2019 12:40:09.857 INFO [main] org.camunda.commons.logging.BaseLogger.logInfo SPIN-01010 Discovered Spin data format provider: org.camunda.spin.impl.xml.dom.format.DomXmlDataFormatProvider[name = application/xml]
17-Jul-2019 12:40:09.868 INFO [main] org.camunda.commons.logging.BaseLogger.logInfo SPIN-01009 Discovered Spin data format: org.camunda.spin.impl.xml.dom.format.DomXmlDataFormat[name = application/xml]
17-Jul-2019 12:40:09.868 INFO [main] org.camunda.commons.logging.BaseLogger.logInfo SPIN-01009 Discovered Spin data format: org.camunda.spin.impl.json.jackson.format.JacksonJsonDataFormat[name = application/json]
17-Jul-2019 12:40:09.868 INFO [main] org.camunda.commons.logging.BaseLogger.logInfo ENGINE-12003 Plugin 'ConnectProcessEnginePlugin' activated on process engine 'default'
17-Jul-2019 12:40:10.139 INFO [main] org.camunda.commons.logging.BaseLogger.logInfo CNCT-01004 Discovered provider for connector id 'http-connector' and class 'org.camunda.connect.httpclient.impl.HttpConnectorImpl': 'org.camunda.connect.httpclient.impl.HttpConnectorProviderImpl'
17-Jul-2019 12:40:10.141 INFO [main] org.camunda.commons.logging.BaseLogger.logInfo CNCT-01004 Discovered provider for connector id 'soap-http-connector' and class 'org.camunda.connect.httpclient.soap.impl.SoapHttpConnectorImpl': 'org.camunda.connect.httpclient.soap.impl.SoapHttpConnectorProviderImpl'
17-Jul-2019 12:40:12.289 INFO [main] org.camunda.commons.logging.BaseLogger.logInfo ENGINE-03016 Performing database operation 'create' on component 'engine' with resource 'org/camunda/bpm/engine/db/create/activiti.h2.create.engine.sql'
17-Jul-2019 12:40:12.311 INFO [main] org.camunda.commons.logging.BaseLogger.logInfo ENGINE-03016 Performing database operation 'create' on component 'history' with resource 'org/camunda/bpm/engine/db/create/activiti.h2.create.history.sql'
17-Jul-2019 12:40:12.319 INFO [main] org.camunda.commons.logging.BaseLogger.logInfo ENGINE-03016 Performing database operation 'create' on component 'identity' with resource 'org/camunda/bpm/engine/db/create/activiti.h2.create.identity.sql'
17-Jul-2019 12:40:12.330 INFO [main] org.camunda.commons.logging.BaseLogger.logInfo ENGINE-03016 Performing database operation 'create' on component 'case.engine' with resource 'org/camunda/bpm/engine/db/create/activiti.h2.create.case.engine.sql'
17-Jul-2019 12:40:12.336 INFO [main] org.camunda.commons.logging.BaseLogger.logInfo ENGINE-03016 Performing database operation 'create' on component 'case.history' with resource 'org/camunda/bpm/engine/db/create/activiti.h2.create.case.history.sql'
17-Jul-2019 12:40:12.341 INFO [main] org.camunda.commons.logging.BaseLogger.logInfo ENGINE-03016 Performing database operation 'create' on component 'decision.engine' with resource 'org/camunda/bpm/engine/db/create/activiti.h2.create.decision.engine.sql'
17-Jul-2019 12:40:12.348 INFO [main] org.camunda.commons.logging.BaseLogger.logInfo ENGINE-03016 Performing database operation 'create' on component 'decision.history' with resource 'org/camunda/bpm/engine/db/create/activiti.h2.create.decision.history.sql'
17-Jul-2019 12:40:12.376 INFO [main] org.camunda.commons.logging.BaseLogger.logInfo ENGINE-03067 No history level property found in database
17-Jul-2019 12:40:12.376 INFO [main] org.camunda.commons.logging.BaseLogger.logInfo ENGINE-03065 Creating historyLevel property in database for level: HistoryLevelFull(name=full, id=3)
17-Jul-2019 12:40:12.440 INFO [main] org.camunda.commons.logging.BaseLogger.logInfo ENGINE-00001 Process Engine default created.
17-Jul-2019 12:40:12.441 INFO [main] org.camunda.commons.logging.BaseLogger.logInfo ENGINE-14014 Starting up the JobExecutor[org.camunda.bpm.engine.impl.jobexecutor.RuntimeContainerJobExecutor].
17-Jul-2019 12:40:12.442 INFO [Thread-5] org.camunda.commons.logging.BaseLogger.logInfo ENGINE-14018 JobExecutor[org.camunda.bpm.engine.impl.jobexecutor.RuntimeContainerJobExecutor] starting to acquire jobs
17-Jul-2019 12:40:12.450 INFO [main] org.camunda.commons.logging.BaseLogger.logInfo ENGINE-08048 Camunda BPM platform sucessfully started at 'Apache Tomcat/9.0.19'.
17-Jul-2019 12:40:12.464 INFO [main] org.apache.catalina.core.StandardService.startInternal Starting service [Catalina]
17-Jul-2019 12:40:12.464 INFO [main] org.apache.catalina.core.StandardEngine.startInternal Starting Servlet engine: [Apache Tomcat/9.0.19]
17-Jul-2019 12:40:12.482 INFO [main] org.apache.catalina.startup.HostConfig.deployDirectory Deploying web application directory [/Users/a644000/Camunda/home/server/apache-tomcat-9.0.19/webapps/camunda-welcome]
17-Jul-2019 12:40:14.445 INFO [main] org.apache.jasper.servlet.TldScanner.scanJars At least one JAR was scanned for TLDs yet contained no TLDs. Enable debug logging for this logger for a complete list of JARs that were scanned but no TLDs were found in them. Skipping unneeded JARs during scanning can improve startup time and JSP compilation time.
17-Jul-2019 12:40:14.462 INFO [main] org.apache.catalina.startup.HostConfig.deployDirectory Deployment of web application directory [/Users/a644000/Camunda/home/server/apache-tomcat-9.0.19/webapps/camunda-welcome] has finished in [1,980] ms
17-Jul-2019 12:40:14.463 INFO [main] org.apache.catalina.startup.HostConfig.deployDirectory Deploying web application directory [/Users/a644000/Camunda/home/server/apache-tomcat-9.0.19/webapps/engine-rest]
17-Jul-2019 12:40:16.121 INFO [main] org.apache.jasper.servlet.TldScanner.scanJars At least one JAR was scanned for TLDs yet contained no TLDs. Enable debug logging for this logger for a complete list of JARs that were scanned but no TLDs were found in them. Skipping unneeded JARs during scanning can improve startup time and JSP compilation time.
17-Jul-2019 12:40:16.259 INFO [main] org.apache.catalina.startup.HostConfig.deployDirectory Deployment of web application directory [/Users/a644000/Camunda/home/server/apache-tomcat-9.0.19/webapps/engine-rest] has finished in [1,796] ms
17-Jul-2019 12:40:16.259 INFO [main] org.apache.catalina.startup.HostConfig.deployDirectory Deploying web application directory [/Users/a644000/Camunda/home/server/apache-tomcat-9.0.19/webapps/h2]
17-Jul-2019 12:40:17.554 INFO [main] org.apache.jasper.servlet.TldScanner.scanJars At least one JAR was scanned for TLDs yet contained no TLDs. Enable debug logging for this logger for a complete list of JARs that were scanned but no TLDs were found in them. Skipping unneeded JARs during scanning can improve startup time and JSP compilation time.
17-Jul-2019 12:40:17.559 INFO [main] org.apache.catalina.startup.HostConfig.deployDirectory Deployment of web application directory [/Users/a644000/Camunda/home/server/apache-tomcat-9.0.19/webapps/h2] has finished in [1,300] ms
17-Jul-2019 12:40:17.559 INFO [main] org.apache.catalina.startup.HostConfig.deployDirectory Deploying web application directory [/Users/a644000/Camunda/home/server/apache-tomcat-9.0.19/webapps/camunda]
17-Jul-2019 12:40:19.154 INFO [main] org.apache.jasper.servlet.TldScanner.scanJars At least one JAR was scanned for TLDs yet contained no TLDs. Enable debug logging for this logger for a complete list of JARs that were scanned but no TLDs were found in them. Skipping unneeded JARs during scanning can improve startup time and JSP compilation time.
17-Jul-2019 12:40:19.407 INFO [main] org.apache.catalina.startup.HostConfig.deployDirectory Deployment of web application directory [/Users/a644000/Camunda/home/server/apache-tomcat-9.0.19/webapps/camunda] has finished in [1,848] ms
17-Jul-2019 12:40:19.407 INFO [main] org.apache.catalina.startup.HostConfig.deployDirectory Deploying web application directory [/Users/a644000/Camunda/home/server/apache-tomcat-9.0.19/webapps/docs]
17-Jul-2019 12:40:20.612 INFO [main] org.apache.jasper.servlet.TldScanner.scanJars At least one JAR was scanned for TLDs yet contained no TLDs. Enable debug logging for this logger for a complete list of JARs that were scanned but no TLDs were found in them. Skipping unneeded JARs during scanning can improve startup time and JSP compilation time.
17-Jul-2019 12:40:20.613 INFO [main] org.apache.catalina.startup.HostConfig.deployDirectory Deployment of web application directory [/Users/a644000/Camunda/home/server/apache-tomcat-9.0.19/webapps/docs] has finished in [1,206] ms
17-Jul-2019 12:40:20.614 INFO [main] org.apache.catalina.startup.HostConfig.deployDirectory Deploying web application directory [/Users/a644000/Camunda/home/server/apache-tomcat-9.0.19/webapps/manager]
17-Jul-2019 12:40:21.827 INFO [main] org.apache.jasper.servlet.TldScanner.scanJars At least one JAR was scanned for TLDs yet contained no TLDs. Enable debug logging for this logger for a complete list of JARs that were scanned but no TLDs were found in them. Skipping unneeded JARs during scanning can improve startup time and JSP compilation time.
17-Jul-2019 12:40:21.831 INFO [main] org.apache.catalina.startup.HostConfig.deployDirectory Deployment of web application directory [/Users/a644000/Camunda/home/server/apache-tomcat-9.0.19/webapps/manager] has finished in [1,218] ms
17-Jul-2019 12:40:21.831 INFO [main] org.apache.catalina.startup.HostConfig.deployDirectory Deploying web application directory [/Users/a644000/Camunda/home/server/apache-tomcat-9.0.19/webapps/camunda-invoice]
17-Jul-2019 12:40:23.000 INFO [main] org.apache.jasper.servlet.TldScanner.scanJars At least one JAR was scanned for TLDs yet contained no TLDs. Enable debug logging for this logger for a complete list of JARs that were scanned but no TLDs were found in them. Skipping unneeded JARs during scanning can improve startup time and JSP compilation time.
17-Jul-2019 12:40:23.001 INFO [main] org.camunda.commons.logging.BaseLogger.logInfo ENGINE-07015 Detected @ProcessApplication class 'org.camunda.bpm.example.invoice.InvoiceProcessApplication'
17-Jul-2019 12:40:23.007 INFO [main] org.camunda.commons.logging.BaseLogger.logInfo ENGINE-08024 Found processes.xml file at file:/Users/a644000/Camunda/home/server/apache-tomcat-9.0.19/webapps/camunda-invoice/WEB-INF/classes/META-INF/processes.xml
17-Jul-2019 12:40:23.318 INFO [main] org.camunda.commons.logging.BaseLogger.logInfo ENGINE-07021 ProcessApplication 'camunda-invoice' registered for DB deployments [55edcbbc-a8c2-11e9-9f3b-b6b67f9d3c8f]. Will execute process definitions 

        invoice[version: 1, id: invoice:1:55f93d70-a8c2-11e9-9f3b-b6b67f9d3c8f]

Will execute case definitions 

        ReviewInvoiceCase[version: 1, id: ReviewInvoiceCase:1:560e2502-a8c2-11e9-9f3b-b6b67f9d3c8f]

17-Jul-2019 12:40:23.326 INFO [main] org.camunda.commons.logging.BaseLogger.logInfo ENGINE-08023 Deployment summary for process archive 'camunda-invoice': 

        invoiceBusinessDecisions.dmn
        invoice.v2.bpmn
        review-invoice.cmmn

17-Jul-2019 12:40:23.405 INFO [main] org.camunda.commons.logging.BaseLogger.logInfo ENGINE-07021 ProcessApplication 'camunda-invoice' registered for DB deployments [561d8e56-a8c2-11e9-9f3b-b6b67f9d3c8f, 55edcbbc-a8c2-11e9-9f3b-b6b67f9d3c8f]. Will execute process definitions 

        invoice[version: 2, id: invoice:2:562185fa-a8c2-11e9-9f3b-b6b67f9d3c8f]
        invoice[version: 1, id: invoice:1:55f93d70-a8c2-11e9-9f3b-b6b67f9d3c8f]

Will execute case definitions 

        ReviewInvoiceCase[version: 2, id: ReviewInvoiceCase:2:5624ba4c-a8c2-11e9-9f3b-b6b67f9d3c8f]
        ReviewInvoiceCase[version: 1, id: ReviewInvoiceCase:1:560e2502-a8c2-11e9-9f3b-b6b67f9d3c8f]

17-Jul-2019 12:40:23.415 INFO [main] org.camunda.commons.logging.BaseLogger.logInfo SPIN-01010 Discovered Spin data format provider: org.camunda.spin.impl.json.jackson.format.JacksonJsonDataFormatProvider[name = application/json]
17-Jul-2019 12:40:23.417 INFO [main] org.camunda.commons.logging.BaseLogger.logInfo SPIN-01010 Discovered Spin data format provider: org.camunda.spin.impl.xml.dom.format.DomXmlDataFormatProvider[name = application/xml]
17-Jul-2019 12:40:23.418 INFO [main] org.camunda.commons.logging.BaseLogger.logInfo SPIN-01009 Discovered Spin data format: org.camunda.spin.impl.xml.dom.format.DomXmlDataFormat[name = application/xml]
17-Jul-2019 12:40:23.418 INFO [main] org.camunda.commons.logging.BaseLogger.logInfo SPIN-01009 Discovered Spin data format: org.camunda.spin.impl.json.jackson.format.JacksonJsonDataFormat[name = application/json]
17-Jul-2019 12:40:23.427 INFO [main] org.camunda.bpm.example.invoice.DemoDataGenerator.createUsers Generating demo data for invoice showcase
17-Jul-2019 12:40:23.679 INFO [main] org.camunda.bpm.example.invoice.InvoiceProcessApplication.startProcessInstances Start 3 instances of Invoice Receipt, version 1
17-Jul-2019 12:40:24.402 INFO [main] org.camunda.bpm.example.invoice.service.NotifyCreditorService.execute 

  ... Now notifying creditor Bobby's Office Supplies


17-Jul-2019 12:40:24.539 INFO [main] org.camunda.bpm.example.invoice.InvoiceProcessApplication.startProcessInstances Start 3 instances of Invoice Receipt, version 2
17-Jul-2019 12:40:24.760 INFO [main] org.camunda.commons.logging.BaseLogger.logInfo ENGINE-08050 Process application camunda-invoice successfully deployed
17-Jul-2019 12:40:24.762 INFO [main] org.apache.catalina.startup.HostConfig.deployDirectory Deployment of web application directory [/Users/a644000/Camunda/home/server/apache-tomcat-9.0.19/webapps/camunda-invoice] has finished in [2,931] ms
17-Jul-2019 12:40:24.762 INFO [main] org.apache.catalina.startup.HostConfig.deployDirectory Deploying web application directory [/Users/a644000/Camunda/home/server/apache-tomcat-9.0.19/webapps/examples]
17-Jul-2019 12:40:26.182 INFO [main] org.apache.jasper.servlet.TldScanner.scanJars At least one JAR was scanned for TLDs yet contained no TLDs. Enable debug logging for this logger for a complete list of JARs that were scanned but no TLDs were found in them. Skipping unneeded JARs during scanning can improve startup time and JSP compilation time.
17-Jul-2019 12:40:26.196 INFO [main] org.apache.catalina.startup.HostConfig.deployDirectory Deployment of web application directory [/Users/a644000/Camunda/home/server/apache-tomcat-9.0.19/webapps/examples] has finished in [1,434] ms
17-Jul-2019 12:40:26.197 INFO [main] org.apache.catalina.startup.HostConfig.deployDirectory Deploying web application directory [/Users/a644000/Camunda/home/server/apache-tomcat-9.0.19/webapps/ROOT]
17-Jul-2019 12:40:27.437 INFO [main] org.apache.jasper.servlet.TldScanner.scanJars At least one JAR was scanned for TLDs yet contained no TLDs. Enable debug logging for this logger for a complete list of JARs that were scanned but no TLDs were found in them. Skipping unneeded JARs during scanning can improve startup time and JSP compilation time.
17-Jul-2019 12:40:27.438 INFO [main] org.apache.catalina.startup.HostConfig.deployDirectory Deployment of web application directory [/Users/a644000/Camunda/home/server/apache-tomcat-9.0.19/webapps/ROOT] has finished in [1,241] ms
17-Jul-2019 12:40:27.439 INFO [main] org.apache.catalina.startup.HostConfig.deployDirectory Deploying web application directory [/Users/a644000/Camunda/home/server/apache-tomcat-9.0.19/webapps/host-manager]
17-Jul-2019 12:40:28.666 INFO [main] org.apache.jasper.servlet.TldScanner.scanJars At least one JAR was scanned for TLDs yet contained no TLDs. Enable debug logging for this logger for a complete list of JARs that were scanned but no TLDs were found in them. Skipping unneeded JARs during scanning can improve startup time and JSP compilation time.
17-Jul-2019 12:40:28.667 INFO [main] org.apache.catalina.startup.HostConfig.deployDirectory Deployment of web application directory [/Users/a644000/Camunda/home/server/apache-tomcat-9.0.19/webapps/host-manager] has finished in [1,228] ms
17-Jul-2019 12:40:28.670 INFO [main] org.apache.coyote.AbstractProtocol.start Starting ProtocolHandler ["http-nio-8080"]
17-Jul-2019 12:40:28.674 INFO [main] org.apache.coyote.AbstractProtocol.start Starting ProtocolHandler ["ajp-nio-8009"]
17-Jul-2019 12:40:28.677 INFO [main] org.apache.catalina.startup.Catalina.start Server startup in [19,258] milliseconds
17-Jul-2019 12:40:45.812 INFO [http-nio-8080-exec-8] org.jboss.resteasy.logging.impl.Slf4jLogger.info Deploying javax.ws.rs.core.Application: class org.camunda.bpm.webapp.impl.engine.EngineRestApplication
17-Jul-2019 12:40:45.812 INFO [http-nio-8080-exec-9] org.jboss.resteasy.logging.impl.Slf4jLogger.info Deploying javax.ws.rs.core.Application: class org.camunda.bpm.admin.impl.web.AdminApplication
17-Jul-2019 12:44:31.368 INFO [main] org.apache.catalina.core.StandardServer.await A valid shutdown command was received via the shutdown port. Stopping the Server instance.
17-Jul-2019 12:44:31.370 INFO [main] org.camunda.commons.logging.BaseLogger.logInfo ENGINE-14015 Shutting down the JobExecutor[org.camunda.bpm.engine.impl.jobexecutor.RuntimeContainerJobExecutor]
17-Jul-2019 12:44:31.370 INFO [21] org.camunda.commons.logging.BaseLogger.logInfo ENGINE-14020 JobExecutor[org.camunda.bpm.engine.impl.jobexecutor.RuntimeContainerJobExecutor] stopped job acquisition
17-Jul-2019 12:44:31.379 INFO [main] org.camunda.commons.logging.BaseLogger.logInfo ENGINE-08051 Process application camunda-invoice undeployed
17-Jul-2019 12:44:31.381 INFO [main] org.camunda.commons.logging.BaseLogger.logInfo ENGINE-00007 Process Engine default closed
17-Jul-2019 12:44:31.381 INFO [main] org.camunda.commons.logging.BaseLogger.logInfo ENGINE-08049 Camunda BPM platform stopped at 'Apache Tomcat/9.0.19'
17-Jul-2019 12:44:31.381 INFO [main] org.apache.coyote.AbstractProtocol.pause Pausing ProtocolHandler ["http-nio-8080"]
17-Jul-2019 12:44:31.390 INFO [main] org.apache.coyote.AbstractProtocol.pause Pausing ProtocolHandler ["ajp-nio-8009"]
17-Jul-2019 12:44:31.397 INFO [main] org.apache.catalina.core.StandardService.stopInternal Stopping service [Catalina]
17-Jul-2019 12:44:31.415 WARNING [main] org.camunda.commons.logging.BaseLogger.logWarn ENGINE-07017 Calling undeploy() on process application that is not deployed.
17-Jul-2019 12:44:31.440 INFO [main] org.apache.coyote.AbstractProtocol.stop Stopping ProtocolHandler ["http-nio-8080"]
17-Jul-2019 12:44:31.441 INFO [main] org.apache.coyote.AbstractProtocol.stop Stopping ProtocolHandler ["ajp-nio-8009"]
17-Jul-2019 12:44:31.444 INFO [main] org.apache.coyote.AbstractProtocol.destroy Destroying ProtocolHandler ["http-nio-8080"]
17-Jul-2019 12:44:31.445 INFO [main] org.apache.coyote.AbstractProtocol.destroy Destroying ProtocolHandler ["ajp-nio-8009"]
17-Jul-2019 13:18:20.737 INFO [main] org.apache.catalina.startup.VersionLoggerListener.log Server version name:   Apache Tomcat/9.0.19
17-Jul-2019 13:18:20.740 INFO [main] org.apache.catalina.startup.VersionLoggerListener.log Server built:          Apr 12 2019 14:22:48 UTC
17-Jul-2019 13:18:20.740 INFO [main] org.apache.catalina.startup.VersionLoggerListener.log Server version number: 9.0.19.0
17-Jul-2019 13:18:20.740 INFO [main] org.apache.catalina.startup.VersionLoggerListener.log OS Name:               Mac OS X
17-Jul-2019 13:18:20.740 INFO [main] org.apache.catalina.startup.VersionLoggerListener.log OS Version:            10.14.5
17-Jul-2019 13:18:20.740 INFO [main] org.apache.catalina.startup.VersionLoggerListener.log Architecture:          x86_64
17-Jul-2019 13:18:20.740 INFO [main] org.apache.catalina.startup.VersionLoggerListener.log Java Home:             /Library/Java/JavaVirtualMachines/jdk-12.0.2.jdk/Contents/Home
17-Jul-2019 13:18:20.740 INFO [main] org.apache.catalina.startup.VersionLoggerListener.log JVM Version:           12.0.2+10
17-Jul-2019 13:18:20.741 INFO [main] org.apache.catalina.startup.VersionLoggerListener.log JVM Vendor:            Oracle Corporation
17-Jul-2019 13:18:20.741 INFO [main] org.apache.catalina.startup.VersionLoggerListener.log CATALINA_BASE:         /Users/a644000/Camunda/home/server/apache-tomcat-9.0.19
17-Jul-2019 13:18:20.741 INFO [main] org.apache.catalina.startup.VersionLoggerListener.log CATALINA_HOME:         /Users/a644000/Camunda/home/server/apache-tomcat-9.0.19
17-Jul-2019 13:18:20.743 INFO [main] org.apache.catalina.startup.VersionLoggerListener.log Command line argument: --add-opens=java.base/java.lang=ALL-UNNAMED
17-Jul-2019 13:18:20.743 INFO [main] org.apache.catalina.startup.VersionLoggerListener.log Command line argument: --add-opens=java.base/java.io=ALL-UNNAMED
17-Jul-2019 13:18:20.743 INFO [main] org.apache.catalina.startup.VersionLoggerListener.log Command line argument: --add-opens=java.rmi/sun.rmi.transport=ALL-UNNAMED
17-Jul-2019 13:18:20.743 INFO [main] org.apache.catalina.startup.VersionLoggerListener.log Command line argument: -Djava.util.logging.config.file=./server/apache-tomcat-9.0.19/conf/logging.properties
17-Jul-2019 13:18:20.743 INFO [main] org.apache.catalina.startup.VersionLoggerListener.log Command line argument: -Djava.util.logging.manager=org.apache.juli.ClassLoaderLogManager
17-Jul-2019 13:18:20.744 INFO [main] org.apache.catalina.startup.VersionLoggerListener.log Command line argument: -Djdk.tls.ephemeralDHKeySize=2048
17-Jul-2019 13:18:20.744 INFO [main] org.apache.catalina.startup.VersionLoggerListener.log Command line argument: -Djava.protocol.handler.pkgs=org.apache.catalina.webresources
17-Jul-2019 13:18:20.744 INFO [main] org.apache.catalina.startup.VersionLoggerListener.log Command line argument: -Dorg.apache.catalina.security.SecurityListener.UMASK=0027
17-Jul-2019 13:18:20.744 INFO [main] org.apache.catalina.startup.VersionLoggerListener.log Command line argument: -Xmx512m
17-Jul-2019 13:18:20.744 INFO [main] org.apache.catalina.startup.VersionLoggerListener.log Command line argument: -XX:MaxPermSize=256m
17-Jul-2019 13:18:20.744 INFO [main] org.apache.catalina.startup.VersionLoggerListener.log Command line argument: -XX:PermSize=256m
17-Jul-2019 13:18:20.744 INFO [main] org.apache.catalina.startup.VersionLoggerListener.log Command line argument: -Dignore.endorsed.dirs=
17-Jul-2019 13:18:20.744 INFO [main] org.apache.catalina.startup.VersionLoggerListener.log Command line argument: -Dcatalina.base=./server/apache-tomcat-9.0.19
17-Jul-2019 13:18:20.744 INFO [main] org.apache.catalina.startup.VersionLoggerListener.log Command line argument: -Dcatalina.home=./server/apache-tomcat-9.0.19
17-Jul-2019 13:18:20.744 INFO [main] org.apache.catalina.startup.VersionLoggerListener.log Command line argument: -Djava.io.tmpdir=./server/apache-tomcat-9.0.19/temp
17-Jul-2019 13:18:20.744 INFO [main] org.apache.catalina.core.AprLifecycleListener.lifecycleEvent The APR based Apache Tomcat Native library which allows optimal performance in production environments was not found on the java.library.path: [/Users/a644000/Library/Java/Extensions:/Library/Java/Extensions:/Network/Library/Java/Extensions:/System/Library/Java/Extensions:/usr/lib/java:.]
17-Jul-2019 13:18:20.805 INFO [main] org.apache.coyote.AbstractProtocol.init Initializing ProtocolHandler ["http-nio-8080"]
17-Jul-2019 13:18:20.844 INFO [main] org.apache.coyote.AbstractProtocol.init Initializing ProtocolHandler ["ajp-nio-8009"]
17-Jul-2019 13:18:20.846 INFO [main] org.apache.catalina.startup.Catalina.load Server initialization in [526] milliseconds
17-Jul-2019 13:18:21.108 INFO [main] org.camunda.commons.logging.BaseLogger.logInfo ENGINE-08046 Found camunda bpm platform configuration in CATALINA_BASE/CATALINA_HOME conf directory [/Users/a644000/Camunda/home/server/apache-tomcat-9.0.19/conf/bpm-platform.xml] at 'file:/Users/a644000/Camunda/home/server/apache-tomcat-9.0.19/conf/bpm-platform.xml'
17-Jul-2019 13:18:21.267 INFO [main] org.camunda.commons.logging.BaseLogger.logInfo ENGINE-12003 Plugin 'ProcessApplicationEventListenerPlugin' activated on process engine 'default'
17-Jul-2019 13:18:21.272 INFO [main] org.camunda.commons.logging.BaseLogger.logInfo ENGINE-12003 Plugin 'SpinProcessEnginePlugin' activated on process engine 'default'
17-Jul-2019 13:18:21.275 INFO [main] org.camunda.commons.logging.BaseLogger.logInfo SPIN-01010 Discovered Spin data format provider: org.camunda.spin.impl.json.jackson.format.JacksonJsonDataFormatProvider[name = application/json]
17-Jul-2019 13:18:21.396 INFO [main] org.camunda.commons.logging.BaseLogger.logInfo SPIN-01010 Discovered Spin data format provider: org.camunda.spin.impl.xml.dom.format.DomXmlDataFormatProvider[name = application/xml]
17-Jul-2019 13:18:21.407 INFO [main] org.camunda.commons.logging.BaseLogger.logInfo SPIN-01009 Discovered Spin data format: org.camunda.spin.impl.xml.dom.format.DomXmlDataFormat[name = application/xml]
17-Jul-2019 13:18:21.407 INFO [main] org.camunda.commons.logging.BaseLogger.logInfo SPIN-01009 Discovered Spin data format: org.camunda.spin.impl.json.jackson.format.JacksonJsonDataFormat[name = application/json]
17-Jul-2019 13:18:21.408 INFO [main] org.camunda.commons.logging.BaseLogger.logInfo ENGINE-12003 Plugin 'ConnectProcessEnginePlugin' activated on process engine 'default'
17-Jul-2019 13:18:21.654 INFO [main] org.camunda.commons.logging.BaseLogger.logInfo CNCT-01004 Discovered provider for connector id 'http-connector' and class 'org.camunda.connect.httpclient.impl.HttpConnectorImpl': 'org.camunda.connect.httpclient.impl.HttpConnectorProviderImpl'
17-Jul-2019 13:18:21.656 INFO [main] org.camunda.commons.logging.BaseLogger.logInfo CNCT-01004 Discovered provider for connector id 'soap-http-connector' and class 'org.camunda.connect.httpclient.soap.impl.SoapHttpConnectorImpl': 'org.camunda.connect.httpclient.soap.impl.SoapHttpConnectorProviderImpl'
17-Jul-2019 13:18:24.030 INFO [main] org.camunda.commons.logging.BaseLogger.logInfo ENGINE-00001 Process Engine default created.
17-Jul-2019 13:18:24.031 INFO [main] org.camunda.commons.logging.BaseLogger.logInfo ENGINE-14014 Starting up the JobExecutor[org.camunda.bpm.engine.impl.jobexecutor.RuntimeContainerJobExecutor].
17-Jul-2019 13:18:24.032 INFO [Thread-5] org.camunda.commons.logging.BaseLogger.logInfo ENGINE-14018 JobExecutor[org.camunda.bpm.engine.impl.jobexecutor.RuntimeContainerJobExecutor] starting to acquire jobs
17-Jul-2019 13:18:24.363 INFO [main] org.camunda.commons.logging.BaseLogger.logInfo ENGINE-08048 Camunda BPM platform sucessfully started at 'Apache Tomcat/9.0.19'.
17-Jul-2019 13:18:24.375 INFO [main] org.apache.catalina.core.StandardService.startInternal Starting service [Catalina]
17-Jul-2019 13:18:24.376 INFO [main] org.apache.catalina.core.StandardEngine.startInternal Starting Servlet engine: [Apache Tomcat/9.0.19]
17-Jul-2019 13:18:24.381 INFO [main] org.apache.catalina.startup.HostConfig.deployDirectory Deploying web application directory [/Users/a644000/Camunda/home/server/apache-tomcat-9.0.19/webapps/camunda-welcome]
17-Jul-2019 13:18:26.232 INFO [main] org.apache.jasper.servlet.TldScanner.scanJars At least one JAR was scanned for TLDs yet contained no TLDs. Enable debug logging for this logger for a complete list of JARs that were scanned but no TLDs were found in them. Skipping unneeded JARs during scanning can improve startup time and JSP compilation time.
17-Jul-2019 13:18:26.250 INFO [main] org.apache.catalina.startup.HostConfig.deployDirectory Deployment of web application directory [/Users/a644000/Camunda/home/server/apache-tomcat-9.0.19/webapps/camunda-welcome] has finished in [1,869] ms
17-Jul-2019 13:18:26.250 INFO [main] org.apache.catalina.startup.HostConfig.deployDirectory Deploying web application directory [/Users/a644000/Camunda/home/server/apache-tomcat-9.0.19/webapps/engine-rest]
17-Jul-2019 13:18:27.826 INFO [main] org.apache.jasper.servlet.TldScanner.scanJars At least one JAR was scanned for TLDs yet contained no TLDs. Enable debug logging for this logger for a complete list of JARs that were scanned but no TLDs were found in them. Skipping unneeded JARs during scanning can improve startup time and JSP compilation time.
17-Jul-2019 13:18:27.948 INFO [main] org.apache.catalina.startup.HostConfig.deployDirectory Deployment of web application directory [/Users/a644000/Camunda/home/server/apache-tomcat-9.0.19/webapps/engine-rest] has finished in [1,698] ms
17-Jul-2019 13:18:27.949 INFO [main] org.apache.catalina.startup.HostConfig.deployDirectory Deploying web application directory [/Users/a644000/Camunda/home/server/apache-tomcat-9.0.19/webapps/h2]
17-Jul-2019 13:18:29.193 INFO [main] org.apache.jasper.servlet.TldScanner.scanJars At least one JAR was scanned for TLDs yet contained no TLDs. Enable debug logging for this logger for a complete list of JARs that were scanned but no TLDs were found in them. Skipping unneeded JARs during scanning can improve startup time and JSP compilation time.
17-Jul-2019 13:18:29.196 INFO [main] org.apache.catalina.startup.HostConfig.deployDirectory Deployment of web application directory [/Users/a644000/Camunda/home/server/apache-tomcat-9.0.19/webapps/h2] has finished in [1,247] ms
17-Jul-2019 13:18:29.196 INFO [main] org.apache.catalina.startup.HostConfig.deployDirectory Deploying web application directory [/Users/a644000/Camunda/home/server/apache-tomcat-9.0.19/webapps/camunda]
17-Jul-2019 13:18:30.780 INFO [main] org.apache.jasper.servlet.TldScanner.scanJars At least one JAR was scanned for TLDs yet contained no TLDs. Enable debug logging for this logger for a complete list of JARs that were scanned but no TLDs were found in them. Skipping unneeded JARs during scanning can improve startup time and JSP compilation time.
17-Jul-2019 13:18:31.051 INFO [main] org.apache.catalina.startup.HostConfig.deployDirectory Deployment of web application directory [/Users/a644000/Camunda/home/server/apache-tomcat-9.0.19/webapps/camunda] has finished in [1,855] ms
17-Jul-2019 13:18:31.052 INFO [main] org.apache.catalina.startup.HostConfig.deployDirectory Deploying web application directory [/Users/a644000/Camunda/home/server/apache-tomcat-9.0.19/webapps/docs]
17-Jul-2019 13:18:32.316 INFO [main] org.apache.jasper.servlet.TldScanner.scanJars At least one JAR was scanned for TLDs yet contained no TLDs. Enable debug logging for this logger for a complete list of JARs that were scanned but no TLDs were found in them. Skipping unneeded JARs during scanning can improve startup time and JSP compilation time.
17-Jul-2019 13:18:32.317 INFO [main] org.apache.catalina.startup.HostConfig.deployDirectory Deployment of web application directory [/Users/a644000/Camunda/home/server/apache-tomcat-9.0.19/webapps/docs] has finished in [1,265] ms
17-Jul-2019 13:18:32.318 INFO [main] org.apache.catalina.startup.HostConfig.deployDirectory Deploying web application directory [/Users/a644000/Camunda/home/server/apache-tomcat-9.0.19/webapps/manager]
17-Jul-2019 13:18:33.602 INFO [main] org.apache.jasper.servlet.TldScanner.scanJars At least one JAR was scanned for TLDs yet contained no TLDs. Enable debug logging for this logger for a complete list of JARs that were scanned but no TLDs were found in them. Skipping unneeded JARs during scanning can improve startup time and JSP compilation time.
17-Jul-2019 13:18:33.604 INFO [main] org.apache.catalina.startup.HostConfig.deployDirectory Deployment of web application directory [/Users/a644000/Camunda/home/server/apache-tomcat-9.0.19/webapps/manager] has finished in [1,286] ms
17-Jul-2019 13:18:33.605 INFO [main] org.apache.catalina.startup.HostConfig.deployDirectory Deploying web application directory [/Users/a644000/Camunda/home/server/apache-tomcat-9.0.19/webapps/camunda-invoice]
17-Jul-2019 13:18:34.823 INFO [main] org.apache.jasper.servlet.TldScanner.scanJars At least one JAR was scanned for TLDs yet contained no TLDs. Enable debug logging for this logger for a complete list of JARs that were scanned but no TLDs were found in them. Skipping unneeded JARs during scanning can improve startup time and JSP compilation time.
17-Jul-2019 13:18:34.823 INFO [main] org.camunda.commons.logging.BaseLogger.logInfo ENGINE-07015 Detected @ProcessApplication class 'org.camunda.bpm.example.invoice.InvoiceProcessApplication'
17-Jul-2019 13:18:34.830 INFO [main] org.camunda.commons.logging.BaseLogger.logInfo ENGINE-08024 Found processes.xml file at file:/Users/a644000/Camunda/home/server/apache-tomcat-9.0.19/webapps/camunda-invoice/WEB-INF/classes/META-INF/processes.xml
17-Jul-2019 13:18:34.848 INFO [main] org.camunda.commons.logging.BaseLogger.logInfo ENGINE-08023 Deployment summary for process archive 'camunda-invoice': 

        invoiceBusinessDecisions.dmn
        invoice.v2.bpmn
        review-invoice.cmmn

17-Jul-2019 13:18:35.212 INFO [main] org.camunda.commons.logging.BaseLogger.logInfo ENGINE-07021 ProcessApplication 'camunda-invoice' registered for DB deployments [561d8e56-a8c2-11e9-9f3b-b6b67f9d3c8f, 55edcbbc-a8c2-11e9-9f3b-b6b67f9d3c8f]. Will execute process definitions 

        invoice[version: 2, id: invoice:2:562185fa-a8c2-11e9-9f3b-b6b67f9d3c8f]
        invoice[version: 1, id: invoice:1:55f93d70-a8c2-11e9-9f3b-b6b67f9d3c8f]

Will execute case definitions 

        ReviewInvoiceCase[version: 2, id: ReviewInvoiceCase:2:5624ba4c-a8c2-11e9-9f3b-b6b67f9d3c8f]
        ReviewInvoiceCase[version: 1, id: ReviewInvoiceCase:1:560e2502-a8c2-11e9-9f3b-b6b67f9d3c8f]

17-Jul-2019 13:18:35.216 INFO [main] org.camunda.commons.logging.BaseLogger.logInfo SPIN-01010 Discovered Spin data format provider: org.camunda.spin.impl.json.jackson.format.JacksonJsonDataFormatProvider[name = application/json]
17-Jul-2019 13:18:35.218 INFO [main] org.camunda.commons.logging.BaseLogger.logInfo SPIN-01010 Discovered Spin data format provider: org.camunda.spin.impl.xml.dom.format.DomXmlDataFormatProvider[name = application/xml]
17-Jul-2019 13:18:35.219 INFO [main] org.camunda.commons.logging.BaseLogger.logInfo SPIN-01009 Discovered Spin data format: org.camunda.spin.impl.xml.dom.format.DomXmlDataFormat[name = application/xml]
17-Jul-2019 13:18:35.219 INFO [main] org.camunda.commons.logging.BaseLogger.logInfo SPIN-01009 Discovered Spin data format: org.camunda.spin.impl.json.jackson.format.JacksonJsonDataFormat[name = application/json]
17-Jul-2019 13:18:35.274 INFO [main] org.camunda.bpm.example.invoice.InvoiceProcessApplication.startProcessInstances No new instances of Invoice Receipt version 1 started, there are 3 instances running
17-Jul-2019 13:18:35.304 INFO [main] org.camunda.bpm.example.invoice.InvoiceProcessApplication.startProcessInstances No new instances of Invoice Receipt version 2 started, there are 3 instances running
17-Jul-2019 13:18:35.305 INFO [main] org.camunda.commons.logging.BaseLogger.logInfo ENGINE-08050 Process application camunda-invoice successfully deployed
17-Jul-2019 13:18:35.306 INFO [main] org.apache.catalina.startup.HostConfig.deployDirectory Deployment of web application directory [/Users/a644000/Camunda/home/server/apache-tomcat-9.0.19/webapps/camunda-invoice] has finished in [1,701] ms
17-Jul-2019 13:18:35.307 INFO [main] org.apache.catalina.startup.HostConfig.deployDirectory Deploying web application directory [/Users/a644000/Camunda/home/server/apache-tomcat-9.0.19/webapps/examples]
17-Jul-2019 13:18:36.810 INFO [main] org.apache.jasper.servlet.TldScanner.scanJars At least one JAR was scanned for TLDs yet contained no TLDs. Enable debug logging for this logger for a complete list of JARs that were scanned but no TLDs were found in them. Skipping unneeded JARs during scanning can improve startup time and JSP compilation time.
17-Jul-2019 13:18:36.824 INFO [main] org.apache.catalina.startup.HostConfig.deployDirectory Deployment of web application directory [/Users/a644000/Camunda/home/server/apache-tomcat-9.0.19/webapps/examples] has finished in [1,517] ms
17-Jul-2019 13:18:36.824 INFO [main] org.apache.catalina.startup.HostConfig.deployDirectory Deploying web application directory [/Users/a644000/Camunda/home/server/apache-tomcat-9.0.19/webapps/ROOT]
17-Jul-2019 13:18:38.142 INFO [main] org.apache.jasper.servlet.TldScanner.scanJars At least one JAR was scanned for TLDs yet contained no TLDs. Enable debug logging for this logger for a complete list of JARs that were scanned but no TLDs were found in them. Skipping unneeded JARs during scanning can improve startup time and JSP compilation time.
17-Jul-2019 13:18:38.143 INFO [main] org.apache.catalina.startup.HostConfig.deployDirectory Deployment of web application directory [/Users/a644000/Camunda/home/server/apache-tomcat-9.0.19/webapps/ROOT] has finished in [1,319] ms
17-Jul-2019 13:18:38.143 INFO [main] org.apache.catalina.startup.HostConfig.deployDirectory Deploying web application directory [/Users/a644000/Camunda/home/server/apache-tomcat-9.0.19/webapps/host-manager]
17-Jul-2019 13:18:39.441 INFO [main] org.apache.jasper.servlet.TldScanner.scanJars At least one JAR was scanned for TLDs yet contained no TLDs. Enable debug logging for this logger for a complete list of JARs that were scanned but no TLDs were found in them. Skipping unneeded JARs during scanning can improve startup time and JSP compilation time.
17-Jul-2019 13:18:39.442 INFO [main] org.apache.catalina.startup.HostConfig.deployDirectory Deployment of web application directory [/Users/a644000/Camunda/home/server/apache-tomcat-9.0.19/webapps/host-manager] has finished in [1,299] ms
17-Jul-2019 13:18:39.444 INFO [main] org.apache.coyote.AbstractProtocol.start Starting ProtocolHandler ["http-nio-8080"]
17-Jul-2019 13:18:39.449 INFO [main] org.apache.coyote.AbstractProtocol.start Starting ProtocolHandler ["ajp-nio-8009"]
17-Jul-2019 13:18:39.451 INFO [main] org.apache.catalina.startup.Catalina.start Server startup in [18,604] milliseconds
17-Jul-2019 13:21:47.953 INFO [http-nio-8080-exec-1] org.jboss.resteasy.spi.ResteasyDeployment.processApplication RESTEASY002225: Deploying javax.ws.rs.core.Application: class org.camunda.bpm.engine.rest.impl.application.DefaultApplication
17-Jul-2019 13:21:47.967 INFO [http-nio-8080-exec-1] org.jboss.resteasy.spi.ResteasyDeployment.processApplication RESTEASY002205: Adding provider class org.camunda.bpm.engine.rest.exception.JsonParseExceptionHandler from Application class org.camunda.bpm.engine.rest.impl.application.DefaultApplication
17-Jul-2019 13:21:47.968 INFO [http-nio-8080-exec-1] org.jboss.resteasy.spi.ResteasyDeployment.processApplication RESTEASY002205: Adding provider class org.camunda.bpm.engine.rest.mapper.JacksonConfigurator from Application class org.camunda.bpm.engine.rest.impl.application.DefaultApplication
17-Jul-2019 13:21:47.968 INFO [http-nio-8080-exec-1] org.jboss.resteasy.spi.ResteasyDeployment.processApplication RESTEASY002205: Adding provider class org.camunda.bpm.engine.rest.exception.ProcessEngineExceptionHandler from Application class org.camunda.bpm.engine.rest.impl.application.DefaultApplication
17-Jul-2019 13:21:47.968 INFO [http-nio-8080-exec-1] org.jboss.resteasy.spi.ResteasyDeployment.processApplication RESTEASY002200: Adding class resource org.camunda.bpm.engine.rest.impl.JaxRsTwoNamedProcessEngineRestServiceImpl from Application class org.camunda.bpm.engine.rest.impl.application.DefaultApplication
17-Jul-2019 13:21:47.969 INFO [http-nio-8080-exec-1] org.jboss.resteasy.spi.ResteasyDeployment.processApplication RESTEASY002200: Adding class resource org.camunda.bpm.engine.rest.impl.JaxRsTwoDefaultProcessEngineRestServiceImpl from Application class org.camunda.bpm.engine.rest.impl.application.DefaultApplication
17-Jul-2019 13:21:47.969 INFO [http-nio-8080-exec-1] org.jboss.resteasy.spi.ResteasyDeployment.processApplication RESTEASY002205: Adding provider class org.camunda.bpm.engine.rest.exception.JsonMappingExceptionHandler from Application class org.camunda.bpm.engine.rest.impl.application.DefaultApplication
17-Jul-2019 13:21:47.969 INFO [http-nio-8080-exec-1] org.jboss.resteasy.spi.ResteasyDeployment.processApplication RESTEASY002205: Adding provider class com.fasterxml.jackson.jaxrs.json.JacksonJsonProvider from Application class org.camunda.bpm.engine.rest.impl.application.DefaultApplication
17-Jul-2019 13:21:47.969 INFO [http-nio-8080-exec-1] org.jboss.resteasy.spi.ResteasyDeployment.processApplication RESTEASY002205: Adding provider class org.camunda.bpm.engine.rest.hal.JacksonHalJsonProvider from Application class org.camunda.bpm.engine.rest.impl.application.DefaultApplication
17-Jul-2019 13:21:47.969 INFO [http-nio-8080-exec-1] org.jboss.resteasy.spi.ResteasyDeployment.processApplication RESTEASY002205: Adding provider class org.camunda.bpm.engine.rest.exception.RestExceptionHandler from Application class org.camunda.bpm.engine.rest.impl.application.DefaultApplication
17-Jul-2019 13:21:47.970 INFO [http-nio-8080-exec-1] org.jboss.resteasy.spi.ResteasyDeployment.processApplication RESTEASY002205: Adding provider class org.camunda.bpm.engine.rest.mapper.MultipartPayloadProvider from Application class org.camunda.bpm.engine.rest.impl.application.DefaultApplication
17-Jul-2019 13:57:40.919 INFO [main] org.apache.catalina.core.StandardServer.await A valid shutdown command was received via the shutdown port. Stopping the Server instance.
17-Jul-2019 13:57:40.920 INFO [main] org.camunda.commons.logging.BaseLogger.logInfo ENGINE-14015 Shutting down the JobExecutor[org.camunda.bpm.engine.impl.jobexecutor.RuntimeContainerJobExecutor]
17-Jul-2019 13:57:40.921 INFO [Thread-5] org.camunda.commons.logging.BaseLogger.logInfo ENGINE-14020 JobExecutor[org.camunda.bpm.engine.impl.jobexecutor.RuntimeContainerJobExecutor] stopped job acquisition
17-Jul-2019 13:57:40.930 INFO [main] org.camunda.commons.logging.BaseLogger.logInfo ENGINE-08051 Process application camunda-invoice undeployed
17-Jul-2019 13:57:40.933 INFO [main] org.camunda.commons.logging.BaseLogger.logInfo ENGINE-00007 Process Engine default closed
17-Jul-2019 13:57:40.933 INFO [main] org.camunda.commons.logging.BaseLogger.logInfo ENGINE-08049 Camunda BPM platform stopped at 'Apache Tomcat/9.0.19'
17-Jul-2019 13:57:40.934 INFO [main] org.apache.coyote.AbstractProtocol.pause Pausing ProtocolHandler ["http-nio-8080"]
17-Jul-2019 13:57:40.942 INFO [main] org.apache.coyote.AbstractProtocol.pause Pausing ProtocolHandler ["ajp-nio-8009"]
17-Jul-2019 13:57:40.949 INFO [main] org.apache.catalina.core.StandardService.stopInternal Stopping service [Catalina]
17-Jul-2019 13:57:40.972 WARNING [main] org.camunda.commons.logging.BaseLogger.logWarn ENGINE-07017 Calling undeploy() on process application that is not deployed.
17-Jul-2019 13:57:41.009 INFO [main] org.apache.coyote.AbstractProtocol.stop Stopping ProtocolHandler ["http-nio-8080"]
17-Jul-2019 13:57:41.011 INFO [main] org.apache.coyote.AbstractProtocol.stop Stopping ProtocolHandler ["ajp-nio-8009"]
17-Jul-2019 13:57:41.014 INFO [main] org.apache.coyote.AbstractProtocol.destroy Destroying ProtocolHandler ["http-nio-8080"]
17-Jul-2019 13:57:41.015 INFO [main] org.apache.coyote.AbstractProtocol.destroy Destroying ProtocolHandler ["ajp-nio-8009"]
